{"/home/travis/build/npmtest/node-npmtest-recast/test.js":{"path":"/home/travis/build/npmtest/node-npmtest-recast/test.js","s":{"1":2,"2":2,"3":2,"4":2,"5":2,"6":2,"7":2,"8":1,"9":2,"10":2,"11":1,"12":1,"13":1,"14":1,"15":2,"16":2,"17":2,"18":2,"19":1,"20":1,"21":2,"22":2,"23":2,"24":1,"25":1,"26":1,"27":1,"28":1,"29":1,"30":1,"31":1,"32":1,"33":1,"34":1,"35":1,"36":1,"37":2,"38":2,"39":1,"40":2,"41":2,"42":1,"43":2,"44":2,"45":1,"46":2,"47":2,"48":1,"49":1,"50":1,"51":1,"52":1},"b":{"1":[2,1,1,1],"2":[1,1,1,1],"3":[1,1],"4":[1,1],"5":[1,1],"6":[1,1],"7":[1,1],"8":[1,1],"9":[1,1,1],"10":[1,1],"11":[1,1],"12":[1,1],"13":[1,1],"14":[1,1],"15":[1,1],"16":[1,1]},"f":{"1":2,"2":2,"3":2,"4":2,"5":2,"6":1,"7":1,"8":2,"9":2,"10":2,"11":2,"12":1},"fnMap":{"1":{"name":"(anonymous_1)","line":12,"loc":{"start":{"line":12,"column":1},"end":{"line":12,"column":13}}},"2":{"name":"(anonymous_2)","line":19,"loc":{"start":{"line":19,"column":5},"end":{"line":19,"column":17}}},"3":{"name":"(anonymous_3)","line":23,"loc":{"start":{"line":23,"column":24},"end":{"line":23,"column":36}}},"4":{"name":"(anonymous_4)","line":61,"loc":{"start":{"line":61,"column":5},"end":{"line":61,"column":17}}},"5":{"name":"(anonymous_5)","line":82,"loc":{"start":{"line":82,"column":5},"end":{"line":82,"column":17}}},"6":{"name":"(anonymous_6)","line":102,"loc":{"start":{"line":102,"column":83},"end":{"line":105,"column":10}},"skip":true},"7":{"name":"(anonymous_7)","line":113,"loc":{"start":{"line":113,"column":77},"end":{"line":116,"column":10}},"skip":true},"8":{"name":"(anonymous_8)","line":129,"loc":{"start":{"line":129,"column":12},"end":{"line":129,"column":40}},"skip":true},"9":{"name":"(anonymous_9)","line":137,"loc":{"start":{"line":137,"column":77},"end":{"line":140,"column":10}},"skip":true},"10":{"name":"(anonymous_10)","line":148,"loc":{"start":{"line":148,"column":83},"end":{"line":151,"column":10}},"skip":true},"11":{"name":"(anonymous_11)","line":159,"loc":{"start":{"line":159,"column":79},"end":{"line":162,"column":10}},"skip":true},"12":{"name":"(anonymous_12)","line":170,"loc":{"start":{"line":170,"column":75},"end":{"line":173,"column":10}},"skip":true}},"statementMap":{"1":{"start":{"line":12,"column":0},"end":{"line":185,"column":5}},"2":{"start":{"line":14,"column":4},"end":{"line":14,"column":14}},"3":{"start":{"line":19,"column":4},"end":{"line":56,"column":9}},"4":{"start":{"line":21,"column":8},"end":{"line":21,"column":19}},"5":{"start":{"line":23,"column":8},"end":{"line":35,"column":13}},"6":{"start":{"line":24,"column":12},"end":{"line":34,"column":13}},"7":{"start":{"line":25,"column":16},"end":{"line":28,"column":30}},"8":{"start":{"line":30,"column":16},"end":{"line":33,"column":27}},"9":{"start":{"line":37,"column":8},"end":{"line":39,"column":21}},"10":{"start":{"line":40,"column":8},"end":{"line":53,"column":9}},"11":{"start":{"line":43,"column":12},"end":{"line":46,"column":14}},"12":{"start":{"line":47,"column":12},"end":{"line":47,"column":18}},"13":{"start":{"line":50,"column":12},"end":{"line":51,"column":46}},"14":{"start":{"line":52,"column":12},"end":{"line":52,"column":18}},"15":{"start":{"line":55,"column":8},"end":{"line":55,"column":35}},"16":{"start":{"line":61,"column":4},"end":{"line":63,"column":9}},"17":{"start":{"line":62,"column":8},"end":{"line":62,"column":15}},"18":{"start":{"line":64,"column":4},"end":{"line":77,"column":5}},"19":{"start":{"line":70,"column":8},"end":{"line":70,"column":14}},"20":{"start":{"line":76,"column":8},"end":{"line":76,"column":14}},"21":{"start":{"line":82,"column":4},"end":{"line":84,"column":9}},"22":{"start":{"line":83,"column":8},"end":{"line":83,"column":15}},"23":{"start":{"line":85,"column":4},"end":{"line":184,"column":5}},"24":{"start":{"line":92,"column":8},"end":{"line":94,"column":63}},"25":{"start":{"line":95,"column":8},"end":{"line":95,"column":14}},"26":{"start":{"line":102,"column":8},"end":{"line":111,"column":10},"skip":true},"27":{"start":{"line":109,"column":12},"end":{"line":109,"column":55},"skip":true},"28":{"start":{"line":110,"column":12},"end":{"line":110,"column":48},"skip":true},"29":{"start":{"line":113,"column":8},"end":{"line":126,"column":10},"skip":true},"30":{"start":{"line":120,"column":12},"end":{"line":120,"column":76},"skip":true},"31":{"start":{"line":121,"column":12},"end":{"line":121,"column":73},"skip":true},"32":{"start":{"line":122,"column":12},"end":{"line":122,"column":74},"skip":true},"33":{"start":{"line":123,"column":12},"end":{"line":123,"column":79},"skip":true},"34":{"start":{"line":124,"column":12},"end":{"line":124,"column":25},"skip":true},"35":{"start":{"line":125,"column":12},"end":{"line":125,"column":45},"skip":true},"36":{"start":{"line":128,"column":8},"end":{"line":135,"column":14},"skip":true},"37":{"start":{"line":133,"column":16},"end":{"line":133,"column":29},"skip":true},"38":{"start":{"line":134,"column":16},"end":{"line":134,"column":55},"skip":true},"39":{"start":{"line":137,"column":8},"end":{"line":146,"column":10},"skip":true},"40":{"start":{"line":144,"column":12},"end":{"line":144,"column":25},"skip":true},"41":{"start":{"line":145,"column":12},"end":{"line":145,"column":45},"skip":true},"42":{"start":{"line":148,"column":8},"end":{"line":157,"column":10},"skip":true},"43":{"start":{"line":155,"column":12},"end":{"line":155,"column":25},"skip":true},"44":{"start":{"line":156,"column":12},"end":{"line":156,"column":48},"skip":true},"45":{"start":{"line":159,"column":8},"end":{"line":168,"column":10},"skip":true},"46":{"start":{"line":166,"column":12},"end":{"line":166,"column":25},"skip":true},"47":{"start":{"line":167,"column":12},"end":{"line":167,"column":46},"skip":true},"48":{"start":{"line":170,"column":8},"end":{"line":179,"column":10},"skip":true},"49":{"start":{"line":177,"column":12},"end":{"line":177,"column":94},"skip":true},"50":{"start":{"line":178,"column":12},"end":{"line":178,"column":48},"skip":true},"51":{"start":{"line":182,"column":8},"end":{"line":182,"column":35},"skip":true},"52":{"start":{"line":183,"column":8},"end":{"line":183,"column":14},"skip":true}},"branchMap":{"1":{"line":25,"type":"binary-expr","locations":[{"start":{"line":25,"column":23},"end":{"line":25,"column":62}},{"start":{"line":26,"column":20},"end":{"line":26,"column":70}},{"start":{"line":27,"column":20},"end":{"line":27,"column":71}},{"start":{"line":28,"column":20},"end":{"line":28,"column":29}}]},"2":{"line":30,"type":"binary-expr","locations":[{"start":{"line":30,"column":23},"end":{"line":30,"column":37}},{"start":{"line":31,"column":20},"end":{"line":31,"column":61}},{"start":{"line":32,"column":20},"end":{"line":32,"column":70}},{"start":{"line":33,"column":20},"end":{"line":33,"column":26}}]},"3":{"line":37,"type":"cond-expr","locations":[{"start":{"line":38,"column":14},"end":{"line":38,"column":20}},{"start":{"line":39,"column":14},"end":{"line":39,"column":20}}]},"4":{"line":40,"type":"switch","locations":[{"start":{"line":42,"column":8},"end":{"line":47,"column":18}},{"start":{"line":49,"column":8},"end":{"line":52,"column":18}}]},"5":{"line":44,"type":"binary-expr","locations":[{"start":{"line":44,"column":16},"end":{"line":44,"column":44}},{"start":{"line":44,"column":48},"end":{"line":44,"column":66}}]},"6":{"line":50,"type":"binary-expr","locations":[{"start":{"line":50,"column":21},"end":{"line":50,"column":49}},{"start":{"line":50,"column":53},"end":{"line":50,"column":72}}]},"7":{"line":64,"type":"switch","locations":[{"start":{"line":69,"column":4},"end":{"line":70,"column":14}},{"start":{"line":75,"column":4},"end":{"line":76,"column":14}}]},"8":{"line":85,"type":"switch","locations":[{"start":{"line":90,"column":4},"end":{"line":95,"column":14}},{"start":{"line":101,"column":4},"end":{"line":183,"column":14},"skip":true}]},"9":{"line":92,"type":"binary-expr","locations":[{"start":{"line":92,"column":18},"end":{"line":92,"column":32}},{"start":{"line":93,"column":12},"end":{"line":93,"column":53}},{"start":{"line":94,"column":12},"end":{"line":94,"column":61}}]},"10":{"line":102,"type":"binary-expr","locations":[{"start":{"line":102,"column":45},"end":{"line":102,"column":79},"skip":true},{"start":{"line":102,"column":83},"end":{"line":111,"column":9},"skip":true}]},"11":{"line":113,"type":"binary-expr","locations":[{"start":{"line":113,"column":42},"end":{"line":113,"column":73},"skip":true},{"start":{"line":113,"column":77},"end":{"line":126,"column":9},"skip":true}]},"12":{"line":128,"type":"binary-expr","locations":[{"start":{"line":128,"column":48},"end":{"line":128,"column":85},"skip":true},{"start":{"line":129,"column":12},"end":{"line":135,"column":13},"skip":true}]},"13":{"line":137,"type":"binary-expr","locations":[{"start":{"line":137,"column":42},"end":{"line":137,"column":73},"skip":true},{"start":{"line":137,"column":77},"end":{"line":146,"column":9},"skip":true}]},"14":{"line":148,"type":"binary-expr","locations":[{"start":{"line":148,"column":45},"end":{"line":148,"column":79},"skip":true},{"start":{"line":148,"column":83},"end":{"line":157,"column":9},"skip":true}]},"15":{"line":159,"type":"binary-expr","locations":[{"start":{"line":159,"column":43},"end":{"line":159,"column":75},"skip":true},{"start":{"line":159,"column":79},"end":{"line":168,"column":9},"skip":true}]},"16":{"line":170,"type":"binary-expr","locations":[{"start":{"line":170,"column":41},"end":{"line":170,"column":71},"skip":true},{"start":{"line":170,"column":75},"end":{"line":179,"column":9},"skip":true}]}},"code":["/* istanbul instrument in package npmtest_recast */","/*jslint","    bitwise: true,","    browser: true,","    maxerr: 8,","    maxlen: 96,","    node: true,","    nomen: true,","    regexp: true,","    stupid: true","*/","(function () {","    'use strict';","    var local;","","","","    // run shared js-env code - pre-init","    (function () {","        // init local","        local = {};","        // init modeJs","        local.modeJs = (function () {","            try {","                return typeof navigator.userAgent === 'string' &&","                    typeof document.querySelector('body') === 'object' &&","                    typeof XMLHttpRequest.prototype.open === 'function' &&","                    'browser';","            } catch (errorCaughtBrowser) {","                return module.exports &&","                    typeof process.versions.node === 'string' &&","                    typeof require('http').createServer === 'function' &&","                    'node';","            }","        }());","        // init global","        local.global = local.modeJs === 'browser'","            ? window","            : global;","        switch (local.modeJs) {","        // re-init local from window.local","        case 'browser':","            local = local.global.utility2.objectSetDefault(","                local.global.utility2_rollup || local.global.local,","                local.global.utility2","            );","            break;","        // re-init local from example.js","        case 'node':","            local = (local.global.utility2_rollup || require('utility2'))","                .requireExampleJsFromReadme();","            break;","        }","        // export local","        local.global.local = local;","    }());","","","","    // run shared js-env code - function","    (function () {","        return;","    }());","    switch (local.modeJs) {","","","","    // run browser js-env code - function","    case 'browser':","        break;","","","","    // run node js-env code - function","    case 'node':","        break;","    }","","","","    // run shared js-env code - post-init","    (function () {","        return;","    }());","    switch (local.modeJs) {","","","","    // run browser js-env code - post-init","    case 'browser':","        // run tests","        local.nop(local.modeTest &&","            document.querySelector('#testRunButton1') &&","            document.querySelector('#testRunButton1').click());","        break;","","","","    // run node js-env code - post-init","    /* istanbul ignore next */","    case 'node':","        local.testCase_buildApidoc_default = local.testCase_buildApidoc_default || function (","            options,","            onError","        ) {","        /*","         * this function will test buildApidoc's default handling-behavior-behavior","         */","            options = { modulePathList: module.paths };","            local.buildApidoc(options, onError);","        };","","        local.testCase_buildApp_default = local.testCase_buildApp_default || function (","            options,","            onError","        ) {","        /*","         * this function will test buildApp's default handling-behavior-behavior","         */","            local.testCase_buildReadme_default(options, local.onErrorThrow);","            local.testCase_buildLib_default(options, local.onErrorThrow);","            local.testCase_buildTest_default(options, local.onErrorThrow);","            local.testCase_buildCustomOrg_default(options, local.onErrorThrow);","            options = [];","            local.buildApp(options, onError);","        };","","        local.testCase_buildCustomOrg_default = local.testCase_buildCustomOrg_default ||","            function (options, onError) {","            /*","             * this function will test buildCustomOrg's default handling-behavior","             */","                options = {};","                local.buildCustomOrg(options, onError);","            };","","        local.testCase_buildLib_default = local.testCase_buildLib_default || function (","            options,","            onError","        ) {","        /*","         * this function will test buildLib's default handling-behavior","         */","            options = {};","            local.buildLib(options, onError);","        };","","        local.testCase_buildReadme_default = local.testCase_buildReadme_default || function (","            options,","            onError","        ) {","        /*","         * this function will test buildReadme's default handling-behavior-behavior","         */","            options = {};","            local.buildReadme(options, onError);","        };","","        local.testCase_buildTest_default = local.testCase_buildTest_default || function (","            options,","            onError","        ) {","        /*","         * this function will test buildTest's default handling-behavior","         */","            options = {};","            local.buildTest(options, onError);","        };","","        local.testCase_webpage_default = local.testCase_webpage_default || function (","            options,","            onError","        ) {","        /*","         * this function will test webpage's default handling-behavior","         */","            options = { modeCoverageMerge: true, url: local.serverLocalHost + '?modeTest=1' };","            local.browserTest(options, onError);","        };","","        // run test-server","        local.testRunServer(local);","        break;","    }","}());",""],"l":{"12":2,"14":2,"19":2,"21":2,"23":2,"24":2,"25":2,"30":1,"37":2,"40":2,"43":1,"47":1,"50":1,"52":1,"55":2,"61":2,"62":2,"64":2,"70":1,"76":1,"82":2,"83":2,"85":2,"92":1,"95":1,"102":1,"109":1,"110":1,"113":1,"120":1,"121":1,"122":1,"123":1,"124":1,"125":1,"128":1,"133":2,"134":2,"137":1,"144":2,"145":2,"148":1,"155":2,"156":2,"159":1,"166":2,"167":2,"170":1,"177":1,"178":1,"182":1,"183":1}},"/home/travis/build/npmtest/node-npmtest-recast/lib.npmtest_recast.js":{"path":"/home/travis/build/npmtest/node-npmtest-recast/lib.npmtest_recast.js","s":{"1":2,"2":2,"3":2,"4":2,"5":2,"6":2,"7":2,"8":1,"9":2,"10":2,"11":2,"12":2,"13":1,"14":1,"15":1,"16":1},"b":{"1":[2,1,1,1],"2":[1,1,1,1],"3":[1,1],"4":[2,2],"5":[1,1]},"f":{"1":2,"2":2,"3":2},"fnMap":{"1":{"name":"(anonymous_1)","line":12,"loc":{"start":{"line":12,"column":1},"end":{"line":12,"column":13}}},"2":{"name":"(anonymous_2)","line":19,"loc":{"start":{"line":19,"column":5},"end":{"line":19,"column":17}}},"3":{"name":"(anonymous_3)","line":23,"loc":{"start":{"line":23,"column":24},"end":{"line":23,"column":36}}}},"statementMap":{"1":{"start":{"line":12,"column":0},"end":{"line":53,"column":5}},"2":{"start":{"line":14,"column":4},"end":{"line":14,"column":14}},"3":{"start":{"line":19,"column":4},"end":{"line":52,"column":9}},"4":{"start":{"line":21,"column":8},"end":{"line":21,"column":19}},"5":{"start":{"line":23,"column":8},"end":{"line":35,"column":13}},"6":{"start":{"line":24,"column":12},"end":{"line":34,"column":13}},"7":{"start":{"line":25,"column":16},"end":{"line":28,"column":30}},"8":{"start":{"line":30,"column":16},"end":{"line":33,"column":27}},"9":{"start":{"line":37,"column":8},"end":{"line":39,"column":21}},"10":{"start":{"line":41,"column":8},"end":{"line":41,"column":54}},"11":{"start":{"line":43,"column":8},"end":{"line":43,"column":51}},"12":{"start":{"line":45,"column":8},"end":{"line":51,"column":9}},"13":{"start":{"line":46,"column":12},"end":{"line":46,"column":57}},"14":{"start":{"line":48,"column":12},"end":{"line":48,"column":35}},"15":{"start":{"line":49,"column":12},"end":{"line":49,"column":49}},"16":{"start":{"line":50,"column":12},"end":{"line":50,"column":43}}},"branchMap":{"1":{"line":25,"type":"binary-expr","locations":[{"start":{"line":25,"column":23},"end":{"line":25,"column":62}},{"start":{"line":26,"column":20},"end":{"line":26,"column":70}},{"start":{"line":27,"column":20},"end":{"line":27,"column":71}},{"start":{"line":28,"column":20},"end":{"line":28,"column":29}}]},"2":{"line":30,"type":"binary-expr","locations":[{"start":{"line":30,"column":23},"end":{"line":30,"column":37}},{"start":{"line":31,"column":20},"end":{"line":31,"column":61}},{"start":{"line":32,"column":20},"end":{"line":32,"column":70}},{"start":{"line":33,"column":20},"end":{"line":33,"column":26}}]},"3":{"line":37,"type":"cond-expr","locations":[{"start":{"line":38,"column":14},"end":{"line":38,"column":20}},{"start":{"line":39,"column":14},"end":{"line":39,"column":20}}]},"4":{"line":41,"type":"binary-expr","locations":[{"start":{"line":41,"column":16},"end":{"line":41,"column":44}},{"start":{"line":41,"column":48},"end":{"line":41,"column":53}}]},"5":{"line":45,"type":"if","locations":[{"start":{"line":45,"column":8},"end":{"line":45,"column":8}},{"start":{"line":45,"column":8},"end":{"line":45,"column":8}}]}},"code":["/* istanbul instrument in package npmtest_recast */","/*jslint","    bitwise: true,","    browser: true,","    maxerr: 8,","    maxlen: 96,","    node: true,","    nomen: true,","    regexp: true,","    stupid: true","*/","(function () {","    'use strict';","    var local;","","","","    // run shared js-env code - pre-init","    (function () {","        // init local","        local = {};","        // init modeJs","        local.modeJs = (function () {","            try {","                return typeof navigator.userAgent === 'string' &&","                    typeof document.querySelector('body') === 'object' &&","                    typeof XMLHttpRequest.prototype.open === 'function' &&","                    'browser';","            } catch (errorCaughtBrowser) {","                return module.exports &&","                    typeof process.versions.node === 'string' &&","                    typeof require('http').createServer === 'function' &&","                    'node';","            }","        }());","        // init global","        local.global = local.modeJs === 'browser'","            ? window","            : global;","        // init utility2_rollup","        local = local.global.utility2_rollup || local;","        // init lib","        local.local = local.npmtest_recast = local;","        // init exports","        if (local.modeJs === 'browser') {","            local.global.utility2_npmtest_recast = local;","        } else {","            module.exports = local;","            module.exports.__dirname = __dirname;","            module.exports.module = module;","        }","    }());","}());",""],"l":{"12":2,"14":2,"19":2,"21":2,"23":2,"24":2,"25":2,"30":1,"37":2,"41":2,"43":2,"45":2,"46":1,"48":1,"49":1,"50":1}},"/home/travis/build/npmtest/node-npmtest-recast/example.js":{"path":"/home/travis/build/npmtest/node-npmtest-recast/example.js","s":{"1":2,"2":2,"3":2,"4":2,"5":2,"6":2,"7":2,"8":1,"9":2,"10":2,"11":2,"12":2,"13":1,"14":2,"15":2,"16":2,"17":2,"18":2,"19":0,"20":2,"21":1,"22":1,"23":1,"24":1,"25":1,"26":0,"27":0,"28":1,"29":1,"30":2,"31":0,"32":0,"33":0,"34":1,"35":2,"36":2,"37":2,"38":2,"39":2,"40":2,"41":0,"42":2,"43":2,"44":2,"45":1,"46":3,"47":1,"48":1,"49":1,"50":1,"51":1,"52":1,"53":1,"54":1,"55":1,"56":1,"57":0,"58":1,"59":6,"60":6,"61":1,"62":2,"63":0,"64":2,"65":1,"66":1,"67":0,"68":0,"69":0,"70":0,"71":0,"72":0,"73":0,"74":0,"75":0,"76":0,"77":0,"78":0,"79":0,"80":0,"81":0,"82":0,"83":0},"b":{"1":[2,1,1,1],"2":[1,1,1,1],"3":[1,1],"4":[2,2],"5":[1,1],"6":[1,1],"7":[2,0],"8":[2,1,1,1,1,1],"9":[0,2,0],"10":[1,1],"11":[2,1,1],"12":[1,0],"13":[0,2],"14":[2,0,0,0,0,0,0],"15":[0,2],"16":[2,0],"17":[1,1],"18":[0,1],"19":[1,2,0,2],"20":[1,0],"21":[1,1],"22":[0,0],"23":[0,0],"24":[0,0],"25":[0,0],"26":[0,0],"27":[0,0],"28":[0,0]},"f":{"1":2,"2":2,"3":2,"4":2,"5":2,"6":2,"7":2,"8":2,"9":3,"10":1,"11":6,"12":0},"fnMap":{"1":{"name":"(anonymous_1)","line":26,"loc":{"start":{"line":26,"column":1},"end":{"line":26,"column":13}}},"2":{"name":"(anonymous_2)","line":33,"loc":{"start":{"line":33,"column":5},"end":{"line":33,"column":17}}},"3":{"name":"(anonymous_3)","line":37,"loc":{"start":{"line":37,"column":24},"end":{"line":37,"column":36}}},"4":{"name":"(anonymous_4)","line":69,"loc":{"start":{"line":69,"column":31},"end":{"line":69,"column":48}},"skip":true},"5":{"name":"(anonymous_5)","line":78,"loc":{"start":{"line":78,"column":26},"end":{"line":78,"column":45}},"skip":true},"6":{"name":"(anonymous_6)","line":123,"loc":{"start":{"line":123,"column":33},"end":{"line":123,"column":48}},"skip":true},"7":{"name":"(anonymous_7)","line":125,"loc":{"start":{"line":125,"column":27},"end":{"line":125,"column":39}},"skip":true},"8":{"name":"(anonymous_8)","line":133,"loc":{"start":{"line":133,"column":59},"end":{"line":133,"column":74}},"skip":true},"9":{"name":"(anonymous_9)","line":143,"loc":{"start":{"line":143,"column":45},"end":{"line":143,"column":62}},"skip":true},"10":{"name":"(anonymous_10)","line":144,"loc":{"start":{"line":144,"column":73},"end":{"line":144,"column":92}},"skip":true},"11":{"name":"(anonymous_11)","line":272,"loc":{"start":{"line":272,"column":51},"end":{"line":272,"column":77}},"skip":true},"12":{"name":"(anonymous_12)","line":314,"loc":{"start":{"line":314,"column":32},"end":{"line":314,"column":61}},"skip":true}},"statementMap":{"1":{"start":{"line":26,"column":0},"end":{"line":325,"column":5}},"2":{"start":{"line":28,"column":4},"end":{"line":28,"column":14}},"3":{"start":{"line":33,"column":4},"end":{"line":60,"column":9}},"4":{"start":{"line":35,"column":8},"end":{"line":35,"column":19}},"5":{"start":{"line":37,"column":8},"end":{"line":49,"column":13}},"6":{"start":{"line":38,"column":12},"end":{"line":48,"column":13}},"7":{"start":{"line":39,"column":16},"end":{"line":42,"column":30}},"8":{"start":{"line":44,"column":16},"end":{"line":47,"column":27}},"9":{"start":{"line":51,"column":8},"end":{"line":53,"column":21}},"10":{"start":{"line":55,"column":8},"end":{"line":57,"column":45}},"11":{"start":{"line":59,"column":8},"end":{"line":59,"column":35}},"12":{"start":{"line":61,"column":4},"end":{"line":324,"column":5}},"13":{"start":{"line":69,"column":8},"end":{"line":121,"column":10},"skip":true},"14":{"start":{"line":70,"column":12},"end":{"line":88,"column":13},"skip":true},"15":{"start":{"line":76,"column":16},"end":{"line":87,"column":19},"skip":true},"16":{"start":{"line":79,"column":20},"end":{"line":86,"column":21},"skip":true},"17":{"start":{"line":82,"column":24},"end":{"line":82,"column":43},"skip":true},"18":{"start":{"line":83,"column":24},"end":{"line":83,"column":30},"skip":true},"19":{"start":{"line":85,"column":24},"end":{"line":85,"column":49},"skip":true},"20":{"start":{"line":89,"column":12},"end":{"line":107,"column":13},"skip":true},"21":{"start":{"line":92,"column":16},"end":{"line":102,"column":17},"skip":true},"22":{"start":{"line":93,"column":20},"end":{"line":93,"column":86},"skip":true},"23":{"start":{"line":94,"column":20},"end":{"line":95,"column":45},"skip":true},"24":{"start":{"line":96,"column":20},"end":{"line":96,"column":42},"skip":true},"25":{"start":{"line":97,"column":20},"end":{"line":97,"column":48},"skip":true},"26":{"start":{"line":100,"column":20},"end":{"line":100,"column":85},"skip":true},"27":{"start":{"line":101,"column":20},"end":{"line":101,"column":96},"skip":true},"28":{"start":{"line":103,"column":16},"end":{"line":103,"column":22},"skip":true},"29":{"start":{"line":106,"column":16},"end":{"line":106,"column":22},"skip":true},"30":{"start":{"line":108,"column":12},"end":{"line":120,"column":13},"skip":true},"31":{"start":{"line":114,"column":16},"end":{"line":119,"column":17},"skip":true},"32":{"start":{"line":116,"column":20},"end":{"line":116,"column":78},"skip":true},"33":{"start":{"line":118,"column":20},"end":{"line":118,"column":47},"skip":true},"34":{"start":{"line":123,"column":8},"end":{"line":141,"column":11},"skip":true},"35":{"start":{"line":124,"column":12},"end":{"line":124,"column":54},"skip":true},"36":{"start":{"line":125,"column":12},"end":{"line":140,"column":14},"skip":true},"37":{"start":{"line":126,"column":16},"end":{"line":126,"column":28},"skip":true},"38":{"start":{"line":127,"column":16},"end":{"line":127,"column":69},"skip":true},"39":{"start":{"line":128,"column":16},"end":{"line":128,"column":75},"skip":true},"40":{"start":{"line":129,"column":16},"end":{"line":131,"column":17},"skip":true},"41":{"start":{"line":130,"column":20},"end":{"line":130,"column":27},"skip":true},"42":{"start":{"line":133,"column":16},"end":{"line":137,"column":36},"skip":true},"43":{"start":{"line":134,"column":20},"end":{"line":136,"column":55},"skip":true},"44":{"start":{"line":139,"column":16},"end":{"line":139,"column":57},"skip":true},"45":{"start":{"line":143,"column":8},"end":{"line":147,"column":11},"skip":true},"46":{"start":{"line":144,"column":12},"end":{"line":146,"column":15},"skip":true},"47":{"start":{"line":145,"column":16},"end":{"line":145,"column":70},"skip":true},"48":{"start":{"line":149,"column":8},"end":{"line":149,"column":31},"skip":true},"49":{"start":{"line":150,"column":8},"end":{"line":150,"column":14},"skip":true},"50":{"start":{"line":158,"column":8},"end":{"line":158,"column":31},"skip":true},"51":{"start":{"line":160,"column":8},"end":{"line":160,"column":33},"skip":true},"52":{"start":{"line":161,"column":8},"end":{"line":161,"column":37},"skip":true},"53":{"start":{"line":162,"column":8},"end":{"line":162,"column":35},"skip":true},"54":{"start":{"line":164,"column":8},"end":{"line":164,"column":50},"skip":true},"55":{"start":{"line":166,"column":8},"end":{"line":256,"column":2},"skip":true},"56":{"start":{"line":258,"column":8},"end":{"line":286,"column":9},"skip":true},"57":{"start":{"line":259,"column":12},"end":{"line":269,"column":14},"skip":true},"58":{"start":{"line":271,"column":12},"end":{"line":285,"column":19},"skip":true},"59":{"start":{"line":274,"column":20},"end":{"line":274,"column":35},"skip":true},"60":{"start":{"line":275,"column":20},"end":{"line":284,"column":21},"skip":true},"61":{"start":{"line":277,"column":24},"end":{"line":277,"column":64},"skip":true},"62":{"start":{"line":279,"column":24},"end":{"line":279,"column":40},"skip":true},"63":{"start":{"line":281,"column":24},"end":{"line":281,"column":40},"skip":true},"64":{"start":{"line":283,"column":24},"end":{"line":283,"column":39},"skip":true},"65":{"start":{"line":288,"column":8},"end":{"line":290,"column":9},"skip":true},"66":{"start":{"line":289,"column":12},"end":{"line":289,"column":18},"skip":true},"67":{"start":{"line":291,"column":8},"end":{"line":293,"column":54},"skip":true},"68":{"start":{"line":294,"column":8},"end":{"line":301,"column":37},"skip":true},"69":{"start":{"line":302,"column":8},"end":{"line":302,"column":82},"skip":true},"70":{"start":{"line":305,"column":8},"end":{"line":307,"column":9},"skip":true},"71":{"start":{"line":306,"column":12},"end":{"line":306,"column":82},"skip":true},"72":{"start":{"line":309,"column":8},"end":{"line":311,"column":9},"skip":true},"73":{"start":{"line":310,"column":12},"end":{"line":310,"column":18},"skip":true},"74":{"start":{"line":312,"column":8},"end":{"line":312,"column":54},"skip":true},"75":{"start":{"line":313,"column":8},"end":{"line":313,"column":69},"skip":true},"76":{"start":{"line":314,"column":8},"end":{"line":322,"column":36},"skip":true},"77":{"start":{"line":315,"column":12},"end":{"line":315,"column":61},"skip":true},"78":{"start":{"line":316,"column":12},"end":{"line":319,"column":13},"skip":true},"79":{"start":{"line":317,"column":16},"end":{"line":317,"column":75},"skip":true},"80":{"start":{"line":318,"column":16},"end":{"line":318,"column":23},"skip":true},"81":{"start":{"line":320,"column":12},"end":{"line":320,"column":38},"skip":true},"82":{"start":{"line":321,"column":12},"end":{"line":321,"column":27},"skip":true},"83":{"start":{"line":323,"column":8},"end":{"line":323,"column":14},"skip":true}},"branchMap":{"1":{"line":39,"type":"binary-expr","locations":[{"start":{"line":39,"column":23},"end":{"line":39,"column":62}},{"start":{"line":40,"column":20},"end":{"line":40,"column":70}},{"start":{"line":41,"column":20},"end":{"line":41,"column":71}},{"start":{"line":42,"column":20},"end":{"line":42,"column":29}}]},"2":{"line":44,"type":"binary-expr","locations":[{"start":{"line":44,"column":23},"end":{"line":44,"column":37}},{"start":{"line":45,"column":20},"end":{"line":45,"column":61}},{"start":{"line":46,"column":20},"end":{"line":46,"column":70}},{"start":{"line":47,"column":20},"end":{"line":47,"column":26}}]},"3":{"line":51,"type":"cond-expr","locations":[{"start":{"line":52,"column":14},"end":{"line":52,"column":20}},{"start":{"line":53,"column":14},"end":{"line":53,"column":20}}]},"4":{"line":55,"type":"binary-expr","locations":[{"start":{"line":55,"column":16},"end":{"line":55,"column":44}},{"start":{"line":55,"column":49},"end":{"line":57,"column":43}}]},"5":{"line":55,"type":"cond-expr","locations":[{"start":{"line":56,"column":14},"end":{"line":56,"column":50}},{"start":{"line":57,"column":14},"end":{"line":57,"column":43}}]},"6":{"line":61,"type":"switch","locations":[{"start":{"line":68,"column":4},"end":{"line":150,"column":14},"skip":true},{"start":{"line":156,"column":4},"end":{"line":323,"column":14},"skip":true}]},"7":{"line":70,"type":"if","locations":[{"start":{"line":70,"column":12},"end":{"line":70,"column":12},"skip":true},{"start":{"line":70,"column":12},"end":{"line":70,"column":12},"skip":true}]},"8":{"line":70,"type":"binary-expr","locations":[{"start":{"line":70,"column":16},"end":{"line":70,"column":22},"skip":true},{"start":{"line":70,"column":27},"end":{"line":70,"column":32},"skip":true},{"start":{"line":71,"column":20},"end":{"line":71,"column":39},"skip":true},{"start":{"line":72,"column":20},"end":{"line":72,"column":49},"skip":true},{"start":{"line":73,"column":20},"end":{"line":73,"column":58},"skip":true},{"start":{"line":74,"column":20},"end":{"line":74,"column":69},"skip":true}]},"9":{"line":79,"type":"switch","locations":[{"start":{"line":80,"column":20},"end":{"line":80,"column":33},"skip":true},{"start":{"line":81,"column":20},"end":{"line":83,"column":30},"skip":true},{"start":{"line":84,"column":20},"end":{"line":85,"column":49},"skip":true}]},"10":{"line":89,"type":"switch","locations":[{"start":{"line":90,"column":12},"end":{"line":103,"column":22},"skip":true},{"start":{"line":105,"column":12},"end":{"line":106,"column":22},"skip":true}]},"11":{"line":89,"type":"binary-expr","locations":[{"start":{"line":89,"column":20},"end":{"line":89,"column":25},"skip":true},{"start":{"line":89,"column":29},"end":{"line":89,"column":48},"skip":true},{"start":{"line":89,"column":52},"end":{"line":89,"column":74},"skip":true}]},"12":{"line":92,"type":"if","locations":[{"start":{"line":92,"column":16},"end":{"line":92,"column":16},"skip":true},{"start":{"line":92,"column":16},"end":{"line":92,"column":16},"skip":true}]},"13":{"line":108,"type":"if","locations":[{"start":{"line":108,"column":12},"end":{"line":108,"column":12},"skip":true},{"start":{"line":108,"column":12},"end":{"line":108,"column":12},"skip":true}]},"14":{"line":108,"type":"binary-expr","locations":[{"start":{"line":108,"column":16},"end":{"line":108,"column":61},"skip":true},{"start":{"line":108,"column":66},"end":{"line":108,"column":72},"skip":true},{"start":{"line":108,"column":77},"end":{"line":108,"column":82},"skip":true},{"start":{"line":109,"column":20},"end":{"line":109,"column":39},"skip":true},{"start":{"line":110,"column":20},"end":{"line":110,"column":49},"skip":true},{"start":{"line":111,"column":20},"end":{"line":111,"column":58},"skip":true},{"start":{"line":112,"column":20},"end":{"line":112,"column":68},"skip":true}]},"15":{"line":129,"type":"if","locations":[{"start":{"line":129,"column":16},"end":{"line":129,"column":16},"skip":true},{"start":{"line":129,"column":16},"end":{"line":129,"column":16},"skip":true}]},"16":{"line":134,"type":"cond-expr","locations":[{"start":{"line":135,"column":26},"end":{"line":135,"column":29},"skip":true},{"start":{"line":136,"column":26},"end":{"line":136,"column":54},"skip":true}]},"17":{"line":164,"type":"binary-expr","locations":[{"start":{"line":164,"column":27},"end":{"line":164,"column":43},"skip":true},{"start":{"line":164,"column":47},"end":{"line":164,"column":49},"skip":true}]},"18":{"line":258,"type":"if","locations":[{"start":{"line":258,"column":8},"end":{"line":258,"column":8},"skip":true},{"start":{"line":258,"column":8},"end":{"line":258,"column":8},"skip":true}]},"19":{"line":275,"type":"switch","locations":[{"start":{"line":276,"column":20},"end":{"line":277,"column":64},"skip":true},{"start":{"line":278,"column":20},"end":{"line":279,"column":40},"skip":true},{"start":{"line":280,"column":20},"end":{"line":281,"column":40},"skip":true},{"start":{"line":282,"column":20},"end":{"line":283,"column":39},"skip":true}]},"20":{"line":288,"type":"if","locations":[{"start":{"line":288,"column":8},"end":{"line":288,"column":8},"skip":true},{"start":{"line":288,"column":8},"end":{"line":288,"column":8},"skip":true}]},"21":{"line":288,"type":"binary-expr","locations":[{"start":{"line":288,"column":12},"end":{"line":288,"column":40},"skip":true},{"start":{"line":288,"column":44},"end":{"line":288,"column":67},"skip":true}]},"22":{"line":292,"type":"binary-expr","locations":[{"start":{"line":292,"column":12},"end":{"line":292,"column":50},"skip":true},{"start":{"line":293,"column":12},"end":{"line":293,"column":53},"skip":true}]},"23":{"line":295,"type":"binary-expr","locations":[{"start":{"line":295,"column":12},"end":{"line":295,"column":64},"skip":true},{"start":{"line":296,"column":12},"end":{"line":301,"column":36},"skip":true}]},"24":{"line":302,"type":"binary-expr","locations":[{"start":{"line":302,"column":43},"end":{"line":302,"column":75},"skip":true},{"start":{"line":302,"column":79},"end":{"line":302,"column":81},"skip":true}]},"25":{"line":305,"type":"if","locations":[{"start":{"line":305,"column":8},"end":{"line":305,"column":8},"skip":true},{"start":{"line":305,"column":8},"end":{"line":305,"column":8},"skip":true}]},"26":{"line":309,"type":"if","locations":[{"start":{"line":309,"column":8},"end":{"line":309,"column":8},"skip":true},{"start":{"line":309,"column":8},"end":{"line":309,"column":8},"skip":true}]},"27":{"line":312,"type":"binary-expr","locations":[{"start":{"line":312,"column":27},"end":{"line":312,"column":43},"skip":true},{"start":{"line":312,"column":47},"end":{"line":312,"column":53},"skip":true}]},"28":{"line":316,"type":"if","locations":[{"start":{"line":316,"column":12},"end":{"line":316,"column":12},"skip":true},{"start":{"line":316,"column":12},"end":{"line":316,"column":12},"skip":true}]}},"code":["/*","example.js","","quickstart example","","instruction","    1. save this script as example.js","    2. run the shell command:","        $ npm install npmtest-recast && PORT=8081 node example.js","    3. play with the browser-demo on http://127.0.0.1:8081","*/","","","","/* istanbul instrument in package npmtest_recast */","/*jslint","    bitwise: true,","    browser: true,","    maxerr: 8,","    maxlen: 96,","    node: true,","    nomen: true,","    regexp: true,","    stupid: true","*/","(function () {","    'use strict';","    var local;","","","","    // run shared js-env code - pre-init","    (function () {","        // init local","        local = {};","        // init modeJs","        local.modeJs = (function () {","            try {","                return typeof navigator.userAgent === 'string' &&","                    typeof document.querySelector('body') === 'object' &&","                    typeof XMLHttpRequest.prototype.open === 'function' &&","                    'browser';","            } catch (errorCaughtBrowser) {","                return module.exports &&","                    typeof process.versions.node === 'string' &&","                    typeof require('http').createServer === 'function' &&","                    'node';","            }","        }());","        // init global","        local.global = local.modeJs === 'browser'","            ? window","            : global;","        // init utility2_rollup","        local = local.global.utility2_rollup || (local.modeJs === 'browser'","            ? local.global.utility2_npmtest_recast","            : global.utility2_moduleExports);","        // export local","        local.global.local = local;","    }());","    switch (local.modeJs) {","","","","    // post-init","    // run browser js-env code - post-init","    /* istanbul ignore next */","    case 'browser':","        local.testRunBrowser = function (event) {","            if (!event || (event &&","                    event.currentTarget &&","                    event.currentTarget.className &&","                    event.currentTarget.className.includes &&","                    event.currentTarget.className.includes('onreset'))) {","                // reset output","                Array.from(","                    document.querySelectorAll('body > .resettable')","                ).forEach(function (element) {","                    switch (element.tagName) {","                    case 'INPUT':","                    case 'TEXTAREA':","                        element.value = '';","                        break;","                    default:","                        element.textContent = '';","                    }","                });","            }","            switch (event && event.currentTarget && event.currentTarget.id) {","            case 'testRunButton1':","                // show tests","                if (document.querySelector('#testReportDiv1').style.display === 'none') {","                    document.querySelector('#testReportDiv1').style.display = 'block';","                    document.querySelector('#testRunButton1').textContent =","                        'hide internal test';","                    local.modeTest = true;","                    local.testRunDefault(local);","                // hide tests","                } else {","                    document.querySelector('#testReportDiv1').style.display = 'none';","                    document.querySelector('#testRunButton1').textContent = 'run internal test';","                }","                break;","            // custom-case","            default:","                break;","            }","            if (document.querySelector('#inputTextareaEval1') && (!event || (event &&","                    event.currentTarget &&","                    event.currentTarget.className &&","                    event.currentTarget.className.includes &&","                    event.currentTarget.className.includes('oneval')))) {","                // try to eval input-code","                try {","                    /*jslint evil: true*/","                    eval(document.querySelector('#inputTextareaEval1').value);","                } catch (errorCaught) {","                    console.error(errorCaught);","                }","            }","        };","        // log stderr and stdout to #outputTextareaStdout1","        ['error', 'log'].forEach(function (key) {","            console[key + '_original'] = console[key];","            console[key] = function () {","                var element;","                console[key + '_original'].apply(console, arguments);","                element = document.querySelector('#outputTextareaStdout1');","                if (!element) {","                    return;","                }","                // append text to #outputTextareaStdout1","                element.value += Array.from(arguments).map(function (arg) {","                    return typeof arg === 'string'","                        ? arg","                        : JSON.stringify(arg, null, 4);","                }).join(' ') + '\\n';","                // scroll textarea to bottom","                element.scrollTop = element.scrollHeight;","            };","        });","        // init event-handling","        ['change', 'click', 'keyup'].forEach(function (event) {","            Array.from(document.querySelectorAll('.on' + event)).forEach(function (element) {","                element.addEventListener(event, local.testRunBrowser);","            });","        });","        // run tests","        local.testRunBrowser();","        break;","","","","    // run node js-env code - post-init","    /* istanbul ignore next */","    case 'node':","        // export local","        module.exports = local;","        // require modules","        local.fs = require('fs');","        local.http = require('http');","        local.url = require('url');","        // init assets","        local.assetsDict = local.assetsDict || {};","        /* jslint-ignore-begin */","        local.assetsDict['/assets.index.template.html'] = '\\","<!doctype html>\\n\\","<html lang=\"en\">\\n\\","<head>\\n\\","<meta charset=\"UTF-8\">\\n\\","<meta name=\"viewport\" content=\"width=device-width, initial-scale=1\">\\n\\","<title>{{env.npm_package_name}} (v{{env.npm_package_version}})</title>\\n\\","<style>\\n\\","/*csslint\\n\\","    box-sizing: false,\\n\\","    universal-selector: false\\n\\","*/\\n\\","* {\\n\\","    box-sizing: border-box;\\n\\","}\\n\\","body {\\n\\","    background: #dde;\\n\\","    font-family: Arial, Helvetica, sans-serif;\\n\\","    margin: 2rem;\\n\\","}\\n\\","body > * {\\n\\","    margin-bottom: 1rem;\\n\\","}\\n\\",".utility2FooterDiv {\\n\\","    margin-top: 20px;\\n\\","    text-align: center;\\n\\","}\\n\\","</style>\\n\\","<style>\\n\\","/*csslint\\n\\","*/\\n\\","textarea {\\n\\","    font-family: monospace;\\n\\","    height: 10rem;\\n\\","    width: 100%;\\n\\","}\\n\\","textarea[readonly] {\\n\\","    background: #ddd;\\n\\","}\\n\\","</style>\\n\\","</head>\\n\\","<body>\\n\\","<!-- utility2-comment\\n\\","<div id=\"ajaxProgressDiv1\" style=\"background: #d00; height: 2px; left: 0; margin: 0; padding: 0; position: fixed; top: 0; transition: background 0.5s, width 1.5s; width: 25%;\"></div>\\n\\","utility2-comment -->\\n\\","<h1>\\n\\","<!-- utility2-comment\\n\\","    <a\\n\\","        {{#if env.npm_package_homepage}}\\n\\","        href=\"{{env.npm_package_homepage}}\"\\n\\","        {{/if env.npm_package_homepage}}\\n\\","        target=\"_blank\"\\n\\","    >\\n\\","utility2-comment -->\\n\\","        {{env.npm_package_name}} (v{{env.npm_package_version}})\\n\\","<!-- utility2-comment\\n\\","    </a>\\n\\","utility2-comment -->\\n\\","</h1>\\n\\","<h3>{{env.npm_package_description}}</h3>\\n\\","<!-- utility2-comment\\n\\","<h4><a download href=\"assets.app.js\">download standalone app</a></h4>\\n\\","<button class=\"onclick onreset\" id=\"testRunButton1\">run internal test</button><br>\\n\\","<div id=\"testReportDiv1\" style=\"display: none;\"></div>\\n\\","utility2-comment -->\\n\\","\\n\\","\\n\\","\\n\\","<label>stderr and stdout</label>\\n\\","<textarea class=\"resettable\" id=\"outputTextareaStdout1\" readonly></textarea>\\n\\","<!-- utility2-comment\\n\\","{{#if isRollup}}\\n\\","<script src=\"assets.app.js\"></script>\\n\\","{{#unless isRollup}}\\n\\","utility2-comment -->\\n\\","<script src=\"assets.utility2.rollup.js\"></script>\\n\\","<script src=\"jsonp.utility2._stateInit?callback=window.utility2._stateInit\"></script>\\n\\","<script src=\"assets.npmtest_recast.rollup.js\"></script>\\n\\","<script src=\"assets.example.js\"></script>\\n\\","<script src=\"assets.test.js\"></script>\\n\\","<!-- utility2-comment\\n\\","{{/if isRollup}}\\n\\","utility2-comment -->\\n\\","<div class=\"utility2FooterDiv\">\\n\\","    [ this app was created with\\n\\","    <a href=\"https://github.com/kaizhu256/node-utility2\" target=\"_blank\">utility2</a>\\n\\","    ]\\n\\","</div>\\n\\","</body>\\n\\","</html>\\n\\","';","        /* jslint-ignore-end */","        if (local.templateRender) {","            local.assetsDict['/'] = local.templateRender(","                local.assetsDict['/assets.index.template.html'],","                {","                    env: local.objectSetDefault(local.env, {","                        npm_package_description: 'the greatest app in the world!',","                        npm_package_name: 'my-app',","                        npm_package_nameAlias: 'my_app',","                        npm_package_version: '0.0.1'","                    })","                }","            );","        } else {","            local.assetsDict['/'] = local.assetsDict['/assets.index.template.html']","                .replace((/\\{\\{env\\.(\\w+?)\\}\\}/g), function (match0, match1) {","                    // jslint-hack","                    String(match0);","                    switch (match1) {","                    case 'npm_package_description':","                        return 'the greatest app in the world!';","                    case 'npm_package_name':","                        return 'my-app';","                    case 'npm_package_nameAlias':","                        return 'my_app';","                    case 'npm_package_version':","                        return '0.0.1';","                    }","                });","        }","        // run the cli","        if (local.global.utility2_rollup || module !== require.main) {","            break;","        }","        local.assetsDict['/assets.example.js'] =","            local.assetsDict['/assets.example.js'] ||","            local.fs.readFileSync(__filename, 'utf8');","        local.assetsDict['/assets.npmtest_recast.rollup.js'] =","            local.assetsDict['/assets.npmtest_recast.rollup.js'] ||","            local.fs.readFileSync(","                // buildCustomOrg-hack","                local.npmtest_recast.__dirname +","                    '/lib.npmtest_recast.js',","                'utf8'","            ).replace((/^#!/), '//');","        local.assetsDict['/favicon.ico'] = local.assetsDict['/favicon.ico'] || '';","        // if $npm_config_timeout_exit exists,","        // then exit this process after $npm_config_timeout_exit ms","        if (Number(process.env.npm_config_timeout_exit)) {","            setTimeout(process.exit, Number(process.env.npm_config_timeout_exit));","        }","        // start server","        if (local.global.utility2_serverHttp1) {","            break;","        }","        process.env.PORT = process.env.PORT || '8081';","        console.error('server starting on port ' + process.env.PORT);","        local.http.createServer(function (request, response) {","            request.urlParsed = local.url.parse(request.url);","            if (local.assetsDict[request.urlParsed.pathname] !== undefined) {","                response.end(local.assetsDict[request.urlParsed.pathname]);","                return;","            }","            response.statusCode = 404;","            response.end();","        }).listen(process.env.PORT);","        break;","    }","}());",""],"l":{"26":2,"28":2,"33":2,"35":2,"37":2,"38":2,"39":2,"44":1,"51":2,"55":2,"59":2,"61":2,"69":1,"70":2,"76":2,"79":2,"82":2,"83":2,"85":1,"89":2,"92":1,"93":1,"94":1,"96":1,"97":1,"100":1,"101":1,"103":1,"106":1,"108":2,"114":1,"116":1,"118":1,"123":1,"124":2,"125":2,"126":2,"127":2,"128":2,"129":2,"130":1,"133":2,"134":2,"139":2,"143":1,"144":3,"145":1,"149":1,"150":1,"158":1,"160":1,"161":1,"162":1,"164":1,"166":1,"258":1,"259":1,"271":1,"274":6,"275":6,"277":1,"279":2,"281":1,"283":2,"288":1,"289":1,"291":1,"294":1,"302":1,"305":1,"306":1,"309":1,"310":1,"312":1,"313":1,"314":1,"315":1,"316":1,"317":1,"318":1,"320":1,"321":1,"323":1}},"/home/travis/build/npmtest/node-npmtest-recast/node_modules/recast/main.js":{"path":"/home/travis/build/npmtest/node-npmtest-recast/node_modules/recast/main.js","s":{"1":1,"2":1,"3":1,"4":1,"5":0,"6":1,"7":0,"8":1,"9":0,"10":1,"11":0,"12":0,"13":0,"14":0,"15":0,"16":1,"17":0,"18":1,"19":0,"20":0,"21":0,"22":1},"b":{"1":[0,0],"2":[0,0,0]},"f":{"1":0,"2":0,"3":0,"4":0,"5":0,"6":0,"7":0,"8":0},"fnMap":{"1":{"name":"print","line":5,"loc":{"start":{"line":5,"column":0},"end":{"line":5,"column":30}}},"2":{"name":"prettyPrint","line":9,"loc":{"start":{"line":9,"column":0},"end":{"line":9,"column":36}}},"3":{"name":"run","line":13,"loc":{"start":{"line":13,"column":0},"end":{"line":13,"column":35}}},"4":{"name":"runFile","line":17,"loc":{"start":{"line":17,"column":0},"end":{"line":17,"column":45}}},"5":{"name":"(anonymous_5)","line":18,"loc":{"start":{"line":18,"column":42},"end":{"line":18,"column":62}}},"6":{"name":"defaultWriteback","line":28,"loc":{"start":{"line":28,"column":0},"end":{"line":28,"column":34}}},"7":{"name":"runString","line":32,"loc":{"start":{"line":32,"column":0},"end":{"line":32,"column":47}}},"8":{"name":"(anonymous_8)","line":34,"loc":{"start":{"line":34,"column":38},"end":{"line":34,"column":53}}}},"statementMap":{"1":{"start":{"line":1,"column":0},"end":{"line":1,"column":35}},"2":{"start":{"line":2,"column":0},"end":{"line":2,"column":42}},"3":{"start":{"line":3,"column":0},"end":{"line":3,"column":47}},"4":{"start":{"line":5,"column":0},"end":{"line":7,"column":1}},"5":{"start":{"line":6,"column":4},"end":{"line":6,"column":44}},"6":{"start":{"line":9,"column":0},"end":{"line":11,"column":1}},"7":{"start":{"line":10,"column":4},"end":{"line":10,"column":55}},"8":{"start":{"line":13,"column":0},"end":{"line":15,"column":1}},"9":{"start":{"line":14,"column":4},"end":{"line":14,"column":58}},"10":{"start":{"line":17,"column":0},"end":{"line":26,"column":1}},"11":{"start":{"line":18,"column":4},"end":{"line":25,"column":7}},"12":{"start":{"line":19,"column":8},"end":{"line":22,"column":9}},"13":{"start":{"line":20,"column":12},"end":{"line":20,"column":31}},"14":{"start":{"line":21,"column":12},"end":{"line":21,"column":19}},"15":{"start":{"line":24,"column":8},"end":{"line":24,"column":46}},"16":{"start":{"line":28,"column":0},"end":{"line":30,"column":1}},"17":{"start":{"line":29,"column":4},"end":{"line":29,"column":33}},"18":{"start":{"line":32,"column":0},"end":{"line":37,"column":1}},"19":{"start":{"line":33,"column":4},"end":{"line":33,"column":69}},"20":{"start":{"line":34,"column":4},"end":{"line":36,"column":7}},"21":{"start":{"line":35,"column":8},"end":{"line":35,"column":45}},"22":{"start":{"line":39,"column":0},"end":{"line":99,"column":3}}},"branchMap":{"1":{"line":19,"type":"if","locations":[{"start":{"line":19,"column":8},"end":{"line":19,"column":8}},{"start":{"line":19,"column":8},"end":{"line":19,"column":8}}]},"2":{"line":33,"type":"binary-expr","locations":[{"start":{"line":33,"column":20},"end":{"line":33,"column":27}},{"start":{"line":33,"column":31},"end":{"line":33,"column":48}},{"start":{"line":33,"column":52},"end":{"line":33,"column":68}}]}},"code":["var types = require(\"./lib/types\");","var parse = require(\"./lib/parser\").parse;","var Printer = require(\"./lib/printer\").Printer;","","function print(node, options) {","    return new Printer(options).print(node);","}","","function prettyPrint(node, options) {","    return new Printer(options).printGenerically(node);","}","","function run(transformer, options) {","    return runFile(process.argv[2], transformer, options);","}","","function runFile(path, transformer, options) {","    require(\"fs\").readFile(path, \"utf-8\", function(err, code) {","        if (err) {","            console.error(err);","            return;","        }","","        runString(code, transformer, options);","    });","}","","function defaultWriteback(output) {","    process.stdout.write(output);","}","","function runString(code, transformer, options) {","    var writeback = options && options.writeback || defaultWriteback;","    transformer(parse(code, options), function(node) {","        writeback(print(node, options).code);","    });","}","","Object.defineProperties(exports, {","    /**","     * Parse a string of code into an augmented syntax tree suitable for","     * arbitrary modification and reprinting.","     */","    parse: {","        enumerable: true,","        value: parse","    },","","    /**","     * Traverse and potentially modify an abstract syntax tree using a","     * convenient visitor syntax:","     *","     *   recast.visit(ast, {","     *     names: [],","     *     visitIdentifier: function(path) {","     *       var node = path.value;","     *       this.visitor.names.push(node.name);","     *       this.traverse(path);","     *     }","     *   });","     */","    visit: {","        enumerable: true,","        value: types.visit","    },","","    /**","     * Reprint a modified syntax tree using as much of the original source","     * code as possible.","     */","    print: {","        enumerable: true,","        value: print","    },","","    /**","     * Print without attempting to reuse any original source code.","     */","    prettyPrint: {","        enumerable: false,","        value: prettyPrint","    },","","    /**","     * Customized version of require(\"ast-types\").","     */","    types: {","        enumerable: false,","        value: types","    },","","    /**","     * Convenient command-line interface (see e.g. example/add-braces).","     */","    run: {","        enumerable: false,","        value: run","    }","});",""],"l":{"1":1,"2":1,"3":1,"5":1,"6":0,"9":1,"10":0,"13":1,"14":0,"17":1,"18":0,"19":0,"20":0,"21":0,"24":0,"28":1,"29":0,"32":1,"33":0,"34":0,"35":0,"39":1}},"/home/travis/build/npmtest/node-npmtest-recast/node_modules/recast/lib/types.js":{"path":"/home/travis/build/npmtest/node-npmtest-recast/node_modules/recast/lib/types.js","s":{"1":1},"b":{},"f":{},"fnMap":{},"statementMap":{"1":{"start":{"line":5,"column":0},"end":{"line":5,"column":38}}},"branchMap":{},"code":["// This module was originally created so that Recast could add its own","// custom types to the AST type system (in particular, the File type), but","// those types are now incorporated into ast-types, so this module doesn't","// have much to do anymore. Still, it might prove useful in the future.","module.exports = require(\"ast-types\");",""],"l":{"5":1}},"/home/travis/build/npmtest/node-npmtest-recast/node_modules/recast/lib/parser.js":{"path":"/home/travis/build/npmtest/node-npmtest-recast/node_modules/recast/lib/parser.js","s":{"1":1,"2":1,"3":1,"4":1,"5":1,"6":1,"7":1,"8":1,"9":1,"10":1,"11":1,"12":1,"13":1,"14":1,"15":0,"16":0,"17":0,"18":0,"19":0,"20":0,"21":0,"22":0,"23":0,"24":0,"25":0,"26":0,"27":0,"28":0,"29":0,"30":0,"31":0,"32":0,"33":0,"34":0,"35":0,"36":0,"37":0,"38":1,"39":0,"40":0,"41":0,"42":0,"43":1,"44":1,"45":0,"46":0,"47":0,"48":0,"49":0,"50":0,"51":0,"52":0,"53":0,"54":0,"55":0,"56":0,"57":0,"58":0,"59":0,"60":0,"61":0,"62":0,"63":0,"64":0,"65":0,"66":0,"67":0,"68":0,"69":0,"70":0,"71":0,"72":0,"73":0,"74":0,"75":0,"76":0},"b":{"1":[1,0],"2":[0,0],"3":[0,0],"4":[0,0],"5":[0,0],"6":[0,0],"7":[0,0],"8":[0,0],"9":[0,0],"10":[0,0],"11":[0,0],"12":[0,0],"13":[0,0,0,0,0],"14":[0,0],"15":[0,0],"16":[0,0]},"f":{"1":0,"2":0,"3":0,"4":0},"fnMap":{"1":{"name":"parse","line":15,"loc":{"start":{"line":15,"column":16},"end":{"line":15,"column":48}}},"2":{"name":"TreeCopier","line":92,"loc":{"start":{"line":92,"column":0},"end":{"line":92,"column":27}}},"3":{"name":"(anonymous_3)","line":101,"loc":{"start":{"line":101,"column":11},"end":{"line":101,"column":26}}},"4":{"name":"(anonymous_4)","line":109,"loc":{"start":{"line":109,"column":17},"end":{"line":109,"column":36}}}},"statementMap":{"1":{"start":{"line":1,"column":0},"end":{"line":1,"column":31}},"2":{"start":{"line":2,"column":0},"end":{"line":2,"column":31}},"3":{"start":{"line":3,"column":0},"end":{"line":3,"column":25}},"4":{"start":{"line":4,"column":0},"end":{"line":4,"column":23}},"5":{"start":{"line":5,"column":0},"end":{"line":5,"column":41}},"6":{"start":{"line":6,"column":0},"end":{"line":6,"column":39}},"7":{"start":{"line":7,"column":0},"end":{"line":7,"column":45}},"8":{"start":{"line":8,"column":0},"end":{"line":8,"column":43}},"9":{"start":{"line":9,"column":0},"end":{"line":9,"column":54}},"10":{"start":{"line":10,"column":0},"end":{"line":10,"column":47}},"11":{"start":{"line":11,"column":0},"end":{"line":11,"column":50}},"12":{"start":{"line":12,"column":0},"end":{"line":12,"column":29}},"13":{"start":{"line":13,"column":0},"end":{"line":13,"column":51}},"14":{"start":{"line":15,"column":0},"end":{"line":90,"column":2}},"15":{"start":{"line":16,"column":2},"end":{"line":16,"column":38}},"16":{"start":{"line":18,"column":2},"end":{"line":18,"column":42}},"17":{"start":{"line":20,"column":2},"end":{"line":24,"column":5}},"18":{"start":{"line":26,"column":2},"end":{"line":26,"column":20}},"19":{"start":{"line":27,"column":2},"end":{"line":37,"column":5}},"20":{"start":{"line":41,"column":2},"end":{"line":41,"column":42}},"21":{"start":{"line":43,"column":2},"end":{"line":46,"column":4}},"22":{"start":{"line":48,"column":2},"end":{"line":48,"column":28}},"23":{"start":{"line":49,"column":2},"end":{"line":49,"column":25}},"24":{"start":{"line":55,"column":2},"end":{"line":55,"column":55}},"25":{"start":{"line":56,"column":2},"end":{"line":56,"column":43}},"26":{"start":{"line":57,"column":2},"end":{"line":57,"column":39}},"27":{"start":{"line":59,"column":2},"end":{"line":62,"column":3}},"28":{"start":{"line":60,"column":4},"end":{"line":60,"column":32}},"29":{"start":{"line":61,"column":4},"end":{"line":61,"column":28}},"30":{"start":{"line":66,"column":2},"end":{"line":66,"column":21}},"31":{"start":{"line":67,"column":2},"end":{"line":77,"column":3}},"32":{"start":{"line":68,"column":4},"end":{"line":68,"column":63}},"33":{"start":{"line":69,"column":4},"end":{"line":74,"column":6}},"34":{"start":{"line":75,"column":9},"end":{"line":77,"column":3}},"35":{"start":{"line":76,"column":4},"end":{"line":76,"column":27}},"36":{"start":{"line":81,"column":2},"end":{"line":85,"column":4}},"37":{"start":{"line":89,"column":2},"end":{"line":89,"column":42}},"38":{"start":{"line":92,"column":0},"end":{"line":97,"column":1}},"39":{"start":{"line":93,"column":2},"end":{"line":93,"column":40}},"40":{"start":{"line":94,"column":2},"end":{"line":94,"column":21}},"41":{"start":{"line":95,"column":2},"end":{"line":95,"column":18}},"42":{"start":{"line":96,"column":2},"end":{"line":96,"column":22}},"43":{"start":{"line":99,"column":0},"end":{"line":99,"column":31}},"44":{"start":{"line":101,"column":0},"end":{"line":171,"column":2}},"45":{"start":{"line":102,"column":2},"end":{"line":104,"column":3}},"46":{"start":{"line":103,"column":4},"end":{"line":103,"column":31}},"47":{"start":{"line":106,"column":2},"end":{"line":113,"column":3}},"48":{"start":{"line":107,"column":4},"end":{"line":107,"column":38}},"49":{"start":{"line":108,"column":4},"end":{"line":108,"column":30}},"50":{"start":{"line":109,"column":4},"end":{"line":111,"column":13}},"51":{"start":{"line":110,"column":6},"end":{"line":110,"column":32}},"52":{"start":{"line":112,"column":4},"end":{"line":112,"column":16}},"53":{"start":{"line":115,"column":2},"end":{"line":117,"column":3}},"54":{"start":{"line":116,"column":4},"end":{"line":116,"column":16}},"55":{"start":{"line":119,"column":2},"end":{"line":119,"column":44}},"56":{"start":{"line":121,"column":2},"end":{"line":128,"column":5}},"57":{"start":{"line":130,"column":2},"end":{"line":130,"column":28}},"58":{"start":{"line":132,"column":2},"end":{"line":132,"column":21}},"59":{"start":{"line":133,"column":2},"end":{"line":133,"column":30}},"60":{"start":{"line":134,"column":2},"end":{"line":134,"column":28}},"61":{"start":{"line":136,"column":2},"end":{"line":150,"column":3}},"62":{"start":{"line":142,"column":4},"end":{"line":146,"column":5}},"63":{"start":{"line":145,"column":6},"end":{"line":145,"column":49}},"64":{"start":{"line":148,"column":4},"end":{"line":148,"column":27}},"65":{"start":{"line":149,"column":4},"end":{"line":149,"column":27}},"66":{"start":{"line":152,"column":2},"end":{"line":152,"column":31}},"67":{"start":{"line":153,"column":2},"end":{"line":153,"column":29}},"68":{"start":{"line":154,"column":2},"end":{"line":166,"column":3}},"69":{"start":{"line":155,"column":4},"end":{"line":155,"column":22}},"70":{"start":{"line":156,"column":4},"end":{"line":165,"column":5}},"71":{"start":{"line":157,"column":6},"end":{"line":157,"column":28}},"72":{"start":{"line":158,"column":11},"end":{"line":165,"column":5}},"73":{"start":{"line":162,"column":6},"end":{"line":162,"column":28}},"74":{"start":{"line":164,"column":6},"end":{"line":164,"column":39}},"75":{"start":{"line":168,"column":2},"end":{"line":168,"column":26}},"76":{"start":{"line":170,"column":2},"end":{"line":170,"column":14}}},"branchMap":{"1":{"line":13,"type":"binary-expr","locations":[{"start":{"line":13,"column":10},"end":{"line":13,"column":20}},{"start":{"line":13,"column":24},"end":{"line":13,"column":50}}]},"2":{"line":43,"type":"binary-expr","locations":[{"start":{"line":43,"column":16},"end":{"line":43,"column":27}},{"start":{"line":43,"column":31},"end":{"line":46,"column":3}}]},"3":{"line":59,"type":"if","locations":[{"start":{"line":59,"column":2},"end":{"line":59,"column":2}},{"start":{"line":59,"column":2},"end":{"line":59,"column":2}}]},"4":{"line":67,"type":"if","locations":[{"start":{"line":67,"column":2},"end":{"line":67,"column":2}},{"start":{"line":67,"column":2},"end":{"line":67,"column":2}}]},"5":{"line":68,"type":"binary-expr","locations":[{"start":{"line":68,"column":31},"end":{"line":68,"column":53}},{"start":{"line":68,"column":57},"end":{"line":68,"column":61}}]},"6":{"line":75,"type":"if","locations":[{"start":{"line":75,"column":9},"end":{"line":75,"column":9}},{"start":{"line":75,"column":9},"end":{"line":75,"column":9}}]},"7":{"line":83,"type":"cond-expr","locations":[{"start":{"line":83,"column":26},"end":{"line":83,"column":38}},{"start":{"line":83,"column":41},"end":{"line":83,"column":45}}]},"8":{"line":102,"type":"if","locations":[{"start":{"line":102,"column":2},"end":{"line":102,"column":2}},{"start":{"line":102,"column":2},"end":{"line":102,"column":2}}]},"9":{"line":106,"type":"if","locations":[{"start":{"line":106,"column":2},"end":{"line":106,"column":2}},{"start":{"line":106,"column":2},"end":{"line":106,"column":2}}]},"10":{"line":115,"type":"if","locations":[{"start":{"line":115,"column":2},"end":{"line":115,"column":2}},{"start":{"line":115,"column":2},"end":{"line":115,"column":2}}]},"11":{"line":136,"type":"if","locations":[{"start":{"line":136,"column":2},"end":{"line":136,"column":2}},{"start":{"line":136,"column":2},"end":{"line":136,"column":2}}]},"12":{"line":142,"type":"if","locations":[{"start":{"line":142,"column":4},"end":{"line":142,"column":4}},{"start":{"line":142,"column":4},"end":{"line":142,"column":4}}]},"13":{"line":142,"type":"binary-expr","locations":[{"start":{"line":142,"column":8},"end":{"line":142,"column":29}},{"start":{"line":142,"column":33},"end":{"line":142,"column":53}},{"start":{"line":143,"column":8},"end":{"line":143,"column":36}},{"start":{"line":143,"column":40},"end":{"line":143,"column":67}},{"start":{"line":144,"column":8},"end":{"line":144,"column":56}}]},"14":{"line":156,"type":"if","locations":[{"start":{"line":156,"column":4},"end":{"line":156,"column":4}},{"start":{"line":156,"column":4},"end":{"line":156,"column":4}}]},"15":{"line":158,"type":"if","locations":[{"start":{"line":158,"column":11},"end":{"line":158,"column":11}},{"start":{"line":158,"column":11},"end":{"line":158,"column":11}}]},"16":{"line":158,"type":"binary-expr","locations":[{"start":{"line":158,"column":15},"end":{"line":158,"column":31}},{"start":{"line":159,"column":15},"end":{"line":159,"column":35}}]}},"code":["var assert = require(\"assert\");","var types = require(\"./types\");","var n = types.namedTypes;","var b = types.builders;","var isObject = types.builtInTypes.object;","var isArray = types.builtInTypes.array;","var isFunction = types.builtInTypes.function;","var Patcher = require(\"./patcher\").Patcher;","var normalizeOptions = require(\"./options\").normalize;","var fromString = require(\"./lines\").fromString;","var attachComments = require(\"./comments\").attach;","var util = require(\"./util\");","var Map = global.Map || require(\"core-js/es6/map\");","","exports.parse = function parse(source, options) {","  options = normalizeOptions(options);","","  var lines = fromString(source, options);","","  var sourceWithoutTabs = lines.toString({","    tabWidth: options.tabWidth,","    reuseWhitespace: false,","    useTabs: false","  });","","  var comments = [];","  var program = options.parser.parse(sourceWithoutTabs, {","    jsx: true,","    loc: true,","    locations: true,","    range: options.range,","    comment: true,","    onComment: comments,","    tolerant: options.tolerant,","    ecmaVersion: 6,","    sourceType: 'module'","  });","","  // If the source was empty, some parsers give loc.{start,end}.line","  // values of 0, instead of the minimum of 1.","  util.fixFaultyLocations(program, lines);","","  program.loc = program.loc || {","    start: lines.firstPos(),","    end: lines.lastPos()","  };","","  program.loc.lines = lines;","  program.loc.indent = 0;","","  // Expand the Program node's .loc to include all comments, since","  // typically its .loc.start and .loc.end will coincide with those of the","  // first and last statements, respectively, excluding any comments that","  // fall outside that region.","  var trueProgramLoc = util.getTrueLoc(program, lines);","  program.loc.start = trueProgramLoc.start;","  program.loc.end = trueProgramLoc.end;","","  if (program.comments) {","    comments = program.comments;","    delete program.comments;","  }","","  // In order to ensure we reprint leading and trailing program comments,","  // wrap the original Program node with a File node.","  var file = program;","  if (file.type === \"Program\") {","    var file = b.file(program, options.sourceFileName || null);","    file.loc = {","      lines: lines,","      indent: 0,","      start: lines.firstPos(),","      end: lines.lastPos()","    };","  } else if (file.type === \"File\") {","    program = file.program;","  }","","  // Passing file.program here instead of just file means that initial","  // comments will be attached to program.body[0] instead of program.","  attachComments(","    comments,","    program.body.length ? file.program : file,","    lines","  );","","  // Return a copy of the original AST so that any changes made may be","  // compared to the original.","  return new TreeCopier(lines).copy(file);","};","","function TreeCopier(lines) {","  assert.ok(this instanceof TreeCopier);","  this.lines = lines;","  this.indent = 0;","  this.seen = new Map;","}","","var TCp = TreeCopier.prototype;","","TCp.copy = function(node) {","  if (this.seen.has(node)) {","    return this.seen.get(node);","  }","","  if (isArray.check(node)) {","    var copy = new Array(node.length);","    this.seen.set(node, copy);","    node.forEach(function (item, i) {","      copy[i] = this.copy(item);","    }, this);","    return copy;","  }","","  if (!isObject.check(node)) {","    return node;","  }","","  util.fixFaultyLocations(node, this.lines);","","  var copy = Object.create(Object.getPrototypeOf(node), {","    original: { // Provide a link from the copy to the original.","      value: node,","      configurable: false,","      enumerable: false,","      writable: true","    }","  });","","  this.seen.set(node, copy);","","  var loc = node.loc;","  var oldIndent = this.indent;","  var newIndent = oldIndent;","","  if (loc) {","    // When node is a comment, we set node.loc.indent to","    // node.loc.start.column so that, when/if we print the comment by","    // itself, we can strip that much whitespace from the left margin of","    // the comment. This only really matters for multiline Block comments,","    // but it doesn't hurt for Line comments.","    if (node.type === \"Block\" || node.type === \"Line\" ||","        node.type === \"CommentBlock\" || node.type === \"CommentLine\" ||","        this.lines.isPrecededOnlyByWhitespace(loc.start)) {","      newIndent = this.indent = loc.start.column;","    }","","    loc.lines = this.lines;","    loc.indent = newIndent;","  }","","  var keys = Object.keys(node);","  var keyCount = keys.length;","  for (var i = 0; i < keyCount; ++i) {","    var key = keys[i];","    if (key === \"loc\") {","      copy[key] = node[key];","    } else if (key === \"tokens\" &&","               node.type === \"File\") {","      // Preserve file.tokens (uncopied) in case client code cares about","      // it, even though Recast ignores it when reprinting.","      copy[key] = node[key];","    } else {","      copy[key] = this.copy(node[key]);","    }","  }","","  this.indent = oldIndent;","","  return copy;","};",""],"l":{"1":1,"2":1,"3":1,"4":1,"5":1,"6":1,"7":1,"8":1,"9":1,"10":1,"11":1,"12":1,"13":1,"15":1,"16":0,"18":0,"20":0,"26":0,"27":0,"41":0,"43":0,"48":0,"49":0,"55":0,"56":0,"57":0,"59":0,"60":0,"61":0,"66":0,"67":0,"68":0,"69":0,"75":0,"76":0,"81":0,"89":0,"92":1,"93":0,"94":0,"95":0,"96":0,"99":1,"101":1,"102":0,"103":0,"106":0,"107":0,"108":0,"109":0,"110":0,"112":0,"115":0,"116":0,"119":0,"121":0,"130":0,"132":0,"133":0,"134":0,"136":0,"142":0,"145":0,"148":0,"149":0,"152":0,"153":0,"154":0,"155":0,"156":0,"157":0,"158":0,"162":0,"164":0,"168":0,"170":0}},"/home/travis/build/npmtest/node-npmtest-recast/node_modules/recast/lib/patcher.js":{"path":"/home/travis/build/npmtest/node-npmtest-recast/node_modules/recast/lib/patcher.js","s":{"1":1,"2":1,"3":1,"4":1,"5":1,"6":1,"7":1,"8":1,"9":1,"10":1,"11":1,"12":1,"13":1,"14":1,"15":1,"16":1,"17":0,"18":0,"19":0,"20":0,"21":0,"22":0,"23":0,"24":0,"25":0,"26":0,"27":1,"28":0,"29":0,"30":0,"31":0,"32":0,"33":0,"34":0,"35":0,"36":0,"37":0,"38":1,"39":1,"40":1,"41":0,"42":0,"43":0,"44":0,"45":0,"46":0,"47":0,"48":0,"49":0,"50":0,"51":0,"52":0,"53":0,"54":0,"55":0,"56":1,"57":0,"58":0,"59":0,"60":0,"61":0,"62":0,"63":1,"64":0,"65":0,"66":0,"67":0,"68":0,"69":0,"70":0,"71":0,"72":1,"73":0,"74":0,"75":0,"76":0,"77":0,"78":0,"79":0,"80":0,"81":0,"82":0,"83":0,"84":0,"85":0,"86":0,"87":0,"88":0,"89":0,"90":0,"91":0,"92":0,"93":0,"94":0,"95":0,"96":0,"97":0,"98":0,"99":0,"100":0,"101":0,"102":0,"103":1,"104":0,"105":0,"106":0,"107":0,"108":1,"109":0,"110":0,"111":0,"112":0,"113":1,"114":0,"115":0,"116":0,"117":0,"118":0,"119":0,"120":0,"121":0,"122":0,"123":0,"124":0,"125":0,"126":1,"127":0,"128":0,"129":0,"130":0,"131":0,"132":0,"133":0,"134":0,"135":0,"136":1,"137":0,"138":0,"139":0,"140":0,"141":0,"142":0,"143":0,"144":0,"145":0,"146":0,"147":0,"148":0,"149":0,"150":0,"151":0,"152":0,"153":0,"154":1,"155":0,"156":0,"157":0,"158":0,"159":0,"160":0,"161":0,"162":0,"163":0,"164":0,"165":0,"166":0,"167":0,"168":0,"169":0,"170":0,"171":0,"172":0,"173":0,"174":0,"175":0,"176":0,"177":0,"178":0,"179":0,"180":1,"181":1,"182":1,"183":0,"184":0,"185":0,"186":0,"187":0,"188":0,"189":0,"190":0,"191":0,"192":0,"193":0,"194":0,"195":0,"196":0,"197":1,"198":0,"199":0,"200":0,"201":0,"202":0,"203":0,"204":0,"205":0,"206":0,"207":0,"208":0,"209":0,"210":0,"211":0,"212":1,"213":0,"214":1,"215":0,"216":0,"217":0,"218":0,"219":0,"220":0,"221":0,"222":0,"223":0,"224":0,"225":0,"226":0,"227":0,"228":0,"229":0,"230":0,"231":0,"232":0,"233":0,"234":0,"235":0,"236":0,"237":0,"238":0,"239":0,"240":0,"241":0,"242":0},"b":{"1":[0,0],"2":[0,0],"3":[0,0],"4":[0,0],"5":[0,0],"6":[0,0],"7":[0,0],"8":[0,0],"9":[0,0],"10":[0,0],"11":[0,0],"12":[0,0],"13":[0,0],"14":[0,0],"15":[0,0],"16":[0,0],"17":[0,0],"18":[0,0],"19":[0,0],"20":[0,0],"21":[0,0],"22":[0,0],"23":[0,0],"24":[0,0],"25":[0,0],"26":[0,0],"27":[0,0,0,0],"28":[0,0],"29":[0,0,0,0],"30":[0,0],"31":[0,0],"32":[0,0],"33":[0,0],"34":[0,0],"35":[0,0],"36":[0,0,0],"37":[0,0],"38":[0,0],"39":[0,0],"40":[0,0],"41":[0,0],"42":[0,0],"43":[0,0,0],"44":[0,0],"45":[0,0],"46":[0,0],"47":[0,0],"48":[0,0],"49":[0,0],"50":[0,0,0],"51":[0,0],"52":[0,0],"53":[0,0],"54":[0,0],"55":[0,0],"56":[0,0],"57":[0,0],"58":[0,0],"59":[0,0],"60":[0,0],"61":[0,0],"62":[0,0,0],"63":[0,0],"64":[0,0],"65":[0,0],"66":[0,0],"67":[0,0],"68":[0,0],"69":[0,0],"70":[0,0]},"f":{"1":0,"2":0,"3":0,"4":0,"5":0,"6":0,"7":0,"8":0,"9":0,"10":0,"11":0,"12":0,"13":0,"14":0,"15":0,"16":0,"17":0,"18":0,"19":0,"20":0,"21":0,"22":0,"23":0,"24":0,"25":0},"fnMap":{"1":{"name":"Patcher","line":17,"loc":{"start":{"line":17,"column":0},"end":{"line":17,"column":24}}},"2":{"name":"(anonymous_2)","line":24,"loc":{"start":{"line":24,"column":17},"end":{"line":24,"column":38}}},"3":{"name":"(anonymous_3)","line":35,"loc":{"start":{"line":35,"column":13},"end":{"line":35,"column":27}}},"4":{"name":"pushSlice","line":46,"loc":{"start":{"line":46,"column":4},"end":{"line":46,"column":33}}},"5":{"name":"(anonymous_5)","line":51,"loc":{"start":{"line":51,"column":22},"end":{"line":51,"column":37}}},"6":{"name":"(anonymous_6)","line":53,"loc":{"start":{"line":53,"column":15},"end":{"line":53,"column":29}}},"7":{"name":"(anonymous_7)","line":72,"loc":{"start":{"line":72,"column":26},"end":{"line":72,"column":60}}},"8":{"name":"(anonymous_8)","line":95,"loc":{"start":{"line":95,"column":21},"end":{"line":95,"column":39}}},"9":{"name":"getSurroundingComments","line":113,"loc":{"start":{"line":113,"column":0},"end":{"line":113,"column":38}}},"10":{"name":"(anonymous_10)","line":117,"loc":{"start":{"line":117,"column":26},"end":{"line":117,"column":44}}},"11":{"name":"(anonymous_11)","line":126,"loc":{"start":{"line":126,"column":20},"end":{"line":126,"column":35}}},"12":{"name":"(anonymous_12)","line":133,"loc":{"start":{"line":133,"column":24},"end":{"line":133,"column":42}}},"13":{"name":"(anonymous_13)","line":155,"loc":{"start":{"line":155,"column":23},"end":{"line":155,"column":38}}},"14":{"name":"(anonymous_14)","line":172,"loc":{"start":{"line":172,"column":9},"end":{"line":172,"column":25}}},"15":{"name":"(anonymous_15)","line":175,"loc":{"start":{"line":175,"column":21},"end":{"line":175,"column":39}}},"16":{"name":"needsLeadingSpace","line":225,"loc":{"start":{"line":225,"column":0},"end":{"line":225,"column":55}}},"17":{"name":"needsTrailingSpace","line":245,"loc":{"start":{"line":245,"column":0},"end":{"line":245,"column":56}}},"18":{"name":"findReprints","line":261,"loc":{"start":{"line":261,"column":0},"end":{"line":261,"column":41}}},"19":{"name":"findAnyReprints","line":286,"loc":{"start":{"line":286,"column":0},"end":{"line":286,"column":53}}},"20":{"name":"findArrayReprints","line":302,"loc":{"start":{"line":302,"column":0},"end":{"line":302,"column":55}}},"21":{"name":"findObjectReprints","line":333,"loc":{"start":{"line":333,"column":0},"end":{"line":333,"column":56}}},"22":{"name":"hasOpeningParen","line":410,"loc":{"start":{"line":410,"column":0},"end":{"line":410,"column":34}}},"23":{"name":"hasClosingParen","line":439,"loc":{"start":{"line":439,"column":0},"end":{"line":439,"column":34}}},"24":{"name":"hasParens","line":469,"loc":{"start":{"line":469,"column":0},"end":{"line":469,"column":28}}},"25":{"name":"findChildReprints","line":477,"loc":{"start":{"line":477,"column":0},"end":{"line":477,"column":55}}}},"statementMap":{"1":{"start":{"line":1,"column":0},"end":{"line":1,"column":31}},"2":{"start":{"line":2,"column":0},"end":{"line":2,"column":37}},"3":{"start":{"line":3,"column":0},"end":{"line":3,"column":31}},"4":{"start":{"line":4,"column":0},"end":{"line":4,"column":40}},"5":{"start":{"line":5,"column":0},"end":{"line":5,"column":43}},"6":{"start":{"line":6,"column":0},"end":{"line":6,"column":45}},"7":{"start":{"line":7,"column":0},"end":{"line":7,"column":55}},"8":{"start":{"line":8,"column":0},"end":{"line":8,"column":53}},"9":{"start":{"line":9,"column":0},"end":{"line":9,"column":29}},"10":{"start":{"line":10,"column":0},"end":{"line":10,"column":33}},"11":{"start":{"line":11,"column":0},"end":{"line":11,"column":38}},"12":{"start":{"line":12,"column":0},"end":{"line":12,"column":41}},"13":{"start":{"line":13,"column":0},"end":{"line":13,"column":39}},"14":{"start":{"line":14,"column":0},"end":{"line":14,"column":41}},"15":{"start":{"line":15,"column":0},"end":{"line":15,"column":42}},"16":{"start":{"line":17,"column":0},"end":{"line":67,"column":1}},"17":{"start":{"line":18,"column":2},"end":{"line":18,"column":37}},"18":{"start":{"line":19,"column":2},"end":{"line":19,"column":48}},"19":{"start":{"line":21,"column":2},"end":{"line":22,"column":20}},"20":{"start":{"line":24,"column":2},"end":{"line":33,"column":4}},"21":{"start":{"line":25,"column":4},"end":{"line":26,"column":44}},"22":{"start":{"line":26,"column":6},"end":{"line":26,"column":44}},"23":{"start":{"line":28,"column":4},"end":{"line":32,"column":7}},"24":{"start":{"line":35,"column":2},"end":{"line":66,"column":4}},"25":{"start":{"line":37,"column":4},"end":{"line":41,"column":6}},"26":{"start":{"line":43,"column":4},"end":{"line":44,"column":18}},"27":{"start":{"line":46,"column":4},"end":{"line":49,"column":5}},"28":{"start":{"line":47,"column":6},"end":{"line":47,"column":43}},"29":{"start":{"line":48,"column":6},"end":{"line":48,"column":43}},"30":{"start":{"line":51,"column":4},"end":{"line":61,"column":7}},"31":{"start":{"line":52,"column":6},"end":{"line":52,"column":42}},"32":{"start":{"line":54,"column":6},"end":{"line":60,"column":7}},"33":{"start":{"line":57,"column":8},"end":{"line":57,"column":40}},"34":{"start":{"line":58,"column":8},"end":{"line":58,"column":33}},"35":{"start":{"line":59,"column":8},"end":{"line":59,"column":28}},"36":{"start":{"line":63,"column":4},"end":{"line":63,"column":34}},"37":{"start":{"line":65,"column":4},"end":{"line":65,"column":40}},"38":{"start":{"line":68,"column":0},"end":{"line":68,"column":26}},"39":{"start":{"line":70,"column":0},"end":{"line":70,"column":27}},"40":{"start":{"line":72,"column":0},"end":{"line":108,"column":2}},"41":{"start":{"line":73,"column":2},"end":{"line":73,"column":21}},"42":{"start":{"line":75,"column":2},"end":{"line":79,"column":3}},"43":{"start":{"line":78,"column":4},"end":{"line":78,"column":16}},"44":{"start":{"line":81,"column":2},"end":{"line":81,"column":39}},"45":{"start":{"line":82,"column":2},"end":{"line":82,"column":39}},"46":{"start":{"line":84,"column":2},"end":{"line":84,"column":66}},"47":{"start":{"line":85,"column":2},"end":{"line":85,"column":66}},"48":{"start":{"line":87,"column":2},"end":{"line":87,"column":20}},"49":{"start":{"line":88,"column":2},"end":{"line":89,"column":50}},"50":{"start":{"line":94,"column":2},"end":{"line":105,"
[...]
 \"TypeofTypeAnnotation\":","        return concat([","            fromString(\"typeof \", options),","            path.call(print, \"argument\")","        ]);","","    case \"UnionTypeAnnotation\":","        return fromString(\" | \").join(path.map(print, \"types\"));","","    case \"VoidTypeAnnotation\":","        return fromString(\"void\", options);","","    case \"NullTypeAnnotation\":","        return fromString(\"null\", options);","","    // Unhandled types below. If encountered, nodes of these types should","    // be either left alone or desugared into AST types that are fully","    // supported by the pretty-printer.","    case \"ClassHeritage\": // TODO","    case \"ComprehensionBlock\": // TODO","    case \"ComprehensionExpression\": // TODO","    case \"Glob\": // TODO","    case \"GeneratorExpression\": // TODO","    case \"LetStatement\": // TODO","    case \"LetExpression\": // TODO","    case \"GraphExpression\": // TODO","    case \"GraphIndexExpression\": // TODO","","    // XML types that nobody cares about or needs to print.","    case \"XMLDefaultDeclaration\":","    case \"XMLAnyName\":","    case \"XMLQualifiedIdentifier\":","    case \"XMLFunctionQualifiedIdentifier\":","    case \"XMLAttributeSelector\":","    case \"XMLFilterExpression\":","    case \"XML\":","    case \"XMLElement\":","    case \"XMLList\":","    case \"XMLEscape\":","    case \"XMLText\":","    case \"XMLStartTag\":","    case \"XMLEndTag\":","    case \"XMLPointTag\":","    case \"XMLName\":","    case \"XMLAttribute\":","    case \"XMLCdata\":","    case \"XMLComment\":","    case \"XMLProcessingInstruction\":","    default:","        debugger;","        throw new Error(\"unknown type: \" + JSON.stringify(n.type));","    }","","    return p;","}","","function printStatementSequence(path, options, print) {","    var inClassBody =","        namedTypes.ClassBody &&","        namedTypes.ClassBody.check(path.getParentNode());","","    var filtered = [];","    var sawComment = false;","    var sawStatement = false;","","    path.each(function(stmtPath) {","        var i = stmtPath.getName();","        var stmt = stmtPath.getValue();","","        // Just in case the AST has been modified to contain falsy","        // \"statements,\" it's safer simply to skip them.","        if (!stmt) {","            return;","        }","","        // Skip printing EmptyStatement nodes to avoid leaving stray","        // semicolons lying around.","        if (stmt.type === \"EmptyStatement\") {","            return;","        }","","        if (namedTypes.Comment.check(stmt)) {","            // The pretty printer allows a dangling Comment node to act as","            // a Statement when the Comment can't be attached to any other","            // non-Comment node in the tree.","            sawComment = true;","        } else if (namedTypes.Statement.check(stmt)) {","            sawStatement = true;","        } else {","            // When the pretty printer encounters a string instead of an","            // AST node, it just prints the string. This behavior can be","            // useful for fine-grained formatting decisions like inserting","            // blank lines.","            isString.assert(stmt);","        }","","        // We can't hang onto stmtPath outside of this function, because","        // it's just a reference to a mutable FastPath object, so we have","        // to go ahead and print it here.","        filtered.push({","            node: stmt,","            printed: print(stmtPath)","        });","    });","","    if (sawComment) {","        assert.strictEqual(","            sawStatement, false,","            \"Comments may appear as statements in otherwise empty statement \" +","                \"lists, but may not coexist with non-Comment nodes.\"","        );","    }","","    var prevTrailingSpace = null;","    var len = filtered.length;","    var parts = [];","","    filtered.forEach(function(info, i) {","        var printed = info.printed;","        var stmt = info.node;","        var multiLine = printed.length > 1;","        var notFirst = i > 0;","        var notLast = i < len - 1;","        var leadingSpace;","        var trailingSpace;","        var lines = stmt && stmt.loc && stmt.loc.lines;","        var trueLoc = lines && options.reuseWhitespace &&","            util.getTrueLoc(stmt, lines);","","        if (notFirst) {","            if (trueLoc) {","                var beforeStart = lines.skipSpaces(trueLoc.start, true);","                var beforeStartLine = beforeStart ? beforeStart.line : 1;","                var leadingGap = trueLoc.start.line - beforeStartLine;","                leadingSpace = Array(leadingGap + 1).join(\"\\n\");","            } else {","                leadingSpace = multiLine ? \"\\n\\n\" : \"\\n\";","            }","        } else {","            leadingSpace = \"\";","        }","","        if (notLast) {","            if (trueLoc) {","                var afterEnd = lines.skipSpaces(trueLoc.end);","                var afterEndLine = afterEnd ? afterEnd.line : lines.length;","                var trailingGap = afterEndLine - trueLoc.end.line;","                trailingSpace = Array(trailingGap + 1).join(\"\\n\");","            } else {","                trailingSpace = multiLine ? \"\\n\\n\" : \"\\n\";","            }","        } else {","            trailingSpace = \"\";","        }","","        parts.push(","            maxSpace(prevTrailingSpace, leadingSpace),","            printed","        );","","        if (notLast) {","            prevTrailingSpace = trailingSpace;","        } else if (trailingSpace) {","            parts.push(trailingSpace);","        }","    });","","    return concat(parts);","}","","function maxSpace(s1, s2) {","    if (!s1 && !s2) {","        return fromString(\"\");","    }","","    if (!s1) {","        return fromString(s2);","    }","","    if (!s2) {","        return fromString(s1);","    }","","    var spaceLines1 = fromString(s1);","    var spaceLines2 = fromString(s2);","","    if (spaceLines2.length > spaceLines1.length) {","        return spaceLines2;","    }","","    return spaceLines1;","}","","function printMethod(path, options, print) {","    var node = path.getNode();","    var kind = node.kind;","    var parts = [];","","    if (node.type === \"ObjectMethod\" || node.type === \"ClassMethod\") {","        node.value = node;","    } else {","        namedTypes.FunctionExpression.assert(node.value);","    }","","    if (node.value.async) {","        parts.push(\"async \");","    }","","    if (!kind || kind === \"init\" || kind === \"method\" || kind === \"constructor\") {","        if (node.value.generator) {","            parts.push(\"*\");","        }","    } else {","        assert.ok(kind === \"get\" || kind === \"set\");","        parts.push(kind, \" \");","    }","","    var key = path.call(print, \"key\");","    if (node.computed) {","        key = concat([\"[\", key, \"]\"]);","    }","","    parts.push(","        key,","        path.call(print, \"value\", \"typeParameters\"),","        \"(\",","        path.call(function(valuePath) {","            return printFunctionParams(valuePath, options, print);","        }, \"value\"),","        \")\",","        path.call(print, \"value\", \"returnType\"),","        \" \",","        path.call(print, \"value\", \"body\")","    );","","    return concat(parts);","}","","function printArgumentsList(path, options, print) {","    var printed = path.map(print, \"arguments\");","    var trailingComma = util.isTrailingCommaEnabled(options, \"parameters\");","","    var joined = fromString(\", \").join(printed);","    if (joined.getLineLength(1) > options.wrapColumn) {","        joined = fromString(\",\\n\").join(printed);","        return concat([","            \"(\\n\",","            joined.indent(options.tabWidth),","            trailingComma ? \",\\n)\" : \"\\n)\"","        ]);","    }","","    return concat([\"(\", joined, \")\"]);","}","","function printFunctionParams(path, options, print) {","    var fun = path.getValue();","","    namedTypes.Function.assert(fun);","","    var printed = path.map(print, \"params\");","","    if (fun.defaults) {","        path.each(function(defExprPath) {","            var i = defExprPath.getName();","            var p = printed[i];","            if (p && defExprPath.getValue()) {","                printed[i] = concat([p, \" = \", print(defExprPath)]);","            }","        }, \"defaults\");","    }","","    if (fun.rest) {","        printed.push(concat([\"...\", path.call(print, \"rest\")]));","    }","","    var joined = fromString(\", \").join(printed);","    if (joined.length > 1 ||","        joined.getLineLength(1) > options.wrapColumn) {","        joined = fromString(\",\\n\").join(printed);","        if (util.isTrailingCommaEnabled(options, \"parameters\") &&","            !fun.rest &&","            fun.params[fun.params.length - 1].type !== 'RestElement') {","            joined = concat([joined, \",\\n\"]);","        } else {","            joined = concat([joined, \"\\n\"]);","        }","        return concat([\"\\n\", joined.indent(options.tabWidth)]);","    }","","    return joined;","}","","function printObjectMethod(path, options, print) {","    var objMethod = path.getValue();","    var parts = [];","","    if (objMethod.async)","        parts.push(\"async \");","","    if (objMethod.generator)","        parts.push(\"*\");","","    if (objMethod.method || objMethod.kind === \"get\" || objMethod.kind === \"set\") {","        return printMethod(path, options, print);","    }","","    var key = path.call(print, \"key\");","    if (objMethod.computed) {","        parts.push(\"[\", key, \"]\");","    } else {","        parts.push(key);","    }","","    parts.push(","        \"(\",","        printFunctionParams(path, options, print),","        \")\",","        path.call(print, \"returnType\"),","        \" \",","        path.call(print, \"body\")","    );","","    return concat(parts);","}","","function printExportDeclaration(path, options, print) {","    var decl = path.getValue();","    var parts = [\"export \"];","    var shouldPrintSpaces = options.objectCurlySpacing;","","    namedTypes.Declaration.assert(decl);","","    if (decl[\"default\"] ||","        decl.type === \"ExportDefaultDeclaration\") {","        parts.push(\"default \");","    }","","    if (decl.declaration) {","        parts.push(path.call(print, \"declaration\"));","","    } else if (decl.specifiers &&","               decl.specifiers.length > 0) {","","        if (decl.specifiers.length === 1 &&","            decl.specifiers[0].type === \"ExportBatchSpecifier\") {","            parts.push(\"*\");","        } else {","            parts.push(","                shouldPrintSpaces ? \"{ \" : \"{\",","                fromString(\", \").join(path.map(print, \"specifiers\")),","                shouldPrintSpaces ? \" }\" : \"}\"","            );","        }","","        if (decl.source) {","            parts.push(\" from \", path.call(print, \"source\"));","        }","    }","","    var lines = concat(parts);","","    if (lastNonSpaceCharacter(lines) !== \";\" &&","        ! (decl.declaration &&","           (decl.declaration.type === \"FunctionDeclaration\" ||","            decl.declaration.type === \"ClassDeclaration\"))) {","        lines = concat([lines, \";\"]);","    }","","    return lines;","}","","function printFlowDeclaration(path, parts) {","    var parentExportDecl = util.getParentExportDeclaration(path);","","    if (parentExportDecl) {","        assert.strictEqual(","            parentExportDecl.type,","            \"DeclareExportDeclaration\"","        );","    } else {","        // If the parent node has type DeclareExportDeclaration, then it","        // will be responsible for printing the \"declare\" token. Otherwise","        // it needs to be printed with this non-exported declaration node.","        parts.unshift(\"declare \");","    }","","    return concat(parts);","}","","function adjustClause(clause, options) {","    if (clause.length > 1)","        return concat([\" \", clause]);","","    return concat([","        \"\\n\",","        maybeAddSemicolon(clause).indent(options.tabWidth)","    ]);","}","","function lastNonSpaceCharacter(lines) {","    var pos = lines.lastPos();","    do {","        var ch = lines.charAt(pos);","        if (/\\S/.test(ch))","            return ch;","    } while (lines.prevPos(pos));","}","","function endsWithBrace(lines) {","    return lastNonSpaceCharacter(lines) === \"}\";","}","","function swapQuotes(str) {","    return str.replace(/['\"]/g, function(m) {","        return m === '\"' ? '\\'' : '\"';","    });","}","","function nodeStr(str, options) {","    isString.assert(str);","    switch (options.quote) {","    case \"auto\":","        var double = JSON.stringify(str);","        var single = swapQuotes(JSON.stringify(swapQuotes(str)));","        return double.length > single.length ? single : double;","    case \"single\":","        return swapQuotes(JSON.stringify(swapQuotes(str)));","    case \"double\":","    default:","        return JSON.stringify(str);","    }","}","","function maybeAddSemicolon(lines) {","    var eoc = lastNonSpaceCharacter(lines);","    if (!eoc || \"\\n};\".indexOf(eoc) < 0)","        return concat([lines, \";\"]);","    return lines;","}",""],"l":{"1":1,"2":1,"3":1,"4":1,"5":1,"6":1,"7":1,"8":1,"9":1,"10":1,"11":1,"12":1,"13":1,"14":1,"16":1,"17":1,"19":1,"20":1,"22":1,"23":0,"24":0,"28":1,"29":1,"31":1,"32":0,"33":0,"39":0,"42":0,"45":1,"47":1,"48":0,"50":0,"51":0,"52":0,"57":0,"59":1,"60":0,"61":0,"64":1,"65":0,"66":0,"68":0,"70":0,"71":0,"72":0,"73":0,"74":0,"75":0,"76":0,"77":0,"81":0,"84":1,"85":0,"86":0,"95":0,"97":0,"102":1,"103":0,"109":1,"110":0,"113":0,"114":0,"115":0,"118":0,"120":0,"132":0,"133":0,"134":0,"137":0,"138":0,"142":0,"145":0,"146":0,"147":0,"151":1,"153":1,"154":0,"157":1,"158":0,"160":0,"161":0,"162":0,"163":0,"166":0,"167":0,"170":0,"176":0,"177":0,"180":0,"185":0,"186":0,"192":0,"195":0,"196":0,"199":0,"201":0,"202":0,"205":0,"208":1,"209":0,"211":0,"212":0,"215":0,"216":0,"219":0,"221":0,"223":0,"225":0,"229":0,"230":0,"231":0,"235":0,"236":0,"239":0,"243":0,"246":0,"249":0,"254":0,"261":0,"268":0,"270":0,"271":0,"272":0,"274":0,"277":0,"280":0,"287":0,"288":0,"291":0,"293":0,"296":0,"299":0,"310":0,"314":0,"315":0,"317":0,"319":0,"320":0,"322":0,"323":0,"330":0,"339":0,"342":0,"343":0,"345":0,"346":0,"349":0,"357":0,"359":0,"367":0,"369":0,"372":0,"373":0,"376":0,"378":0,"381":0,"383":0,"384":0,"386":0,"387":0,"389":0,"392":0,"394":0,"395":0,"397":0,"398":0,"400":0,"403":0,"405":0,"406":0,"407":0,"409":0,"412":0,"415":0,"416":0,"417":0,"419":0,"421":0,"422":0,"423":0,"424":0,"428":0,"431":0,"432":0,"433":0,"435":0,"437":0,"438":0,"439":0,"440":0,"444":0,"447":0,"450":0,"451":0,"452":0,"453":0,"454":0,"456":0,"459":0,"460":0,"462":0,"467":0,"470":0,"472":0,"473":0,"476":0,"481":0,"484":0,"487":0,"490":0,"493":0,"495":0,"496":0,"499":0,"502":0,"504":0,"505":0,"506":0,"507":0,"510":0,"512":0,"514":0,"516":0,"517":0,"518":0,"519":0,"525":0,"528":0,"529":0,"534":0,"537":0,"539":0,"542":0,"543":0,"547":0,"548":0,"549":0,"553":0,"555":0,"556":0,"557":0,"564":0,"565":0,"567":0,"570":0,"572":0,"573":0,"574":0,"579":0,"585":0,"589":0,"591":0,"594":0,"602":0,"603":0,"604":0,"605":0,"607":0,"608":0,"611":0,"613":0,"614":0,"615":0,"618":0,"619":0,"620":0,"621":0,"622":0,"624":0,"625":0,"626":0,"627":0,"629":0,"630":0,"633":0,"634":0,"636":0,"639":0,"641":0,"644":0,"645":0,"646":0,"647":0,"648":0,"649":0,"651":0,"655":0,"657":0,"658":0,"659":0,"662":0,"665":0,"673":0,"674":0,"677":0,"678":0,"679":0,"681":0,"684":0,"685":0,"688":0,"691":0,"692":0,"695":0,"698":0,"701":0,"705":0,"708":0,"709":0,"710":0,"711":0,"712":0,"713":0,"715":0,"718":0,"721":0,"722":0,"723":0,"724":0,"730":0,"732":0,"733":0,"734":0,"735":0,"737":0,"739":0,"740":0,"741":0,"742":0,"743":0,"747":0,"748":0,"750":0,"753":0,"756":0,"759":0,"762":0,"765":0,"768":0,"774":0,"775":0,"777":0,"780":0,"783":0,"786":0,"787":0,"794":0,"797":0,"798":0,"799":0,"800":0,"801":0,"804":0,"809":0,"810":0,"812":0,"815":0,"822":0,"823":0,"824":0,"825":0,"828":0,"831":0,"832":0,"833":0,"834":0,"835":0,"836":0,"839":0,"840":0,"841":0,"842":0,"847":0,"852":0,"853":0,"859":0,"862":0,"865":0,"871":0,"879":0,"882":0,"883":0,"887":0,"891":0,"903":0,"904":0,"905":0,"908":0,"910":0,"913":0,"922":0,"932":0,"942":0,"952":0,"957":0,"958":0,"960":0,"962":0,"964":0,"967":0,"968":0,"971":0,"978":0,"979":0,"980":0,"981":0,"982":0,"985":0,"986":0,"987":0,"988":0,"989":0,"992":0,"999":0,"1004":0,"1005":0,"1006":0,"1007":0,"1008":0,"1012":0,"1013":0,"1016":0,"1019":0,"1021":0,"1023":0,"1025":0,"1027":0,"1030":0,"1033":0,"1044":0,"1045":0,"1047":0,"1049":0,"1050":0,"1051":0,"1055":0,"1058":0,"1063":0,"1064":0,"1065":0,"1066":0,"1069":0,"1072":0,"1078":0,"1084":0,"1087":0,"1090":0,"1093":0,"1095":0,"1096":0,"1097":0,"1100":0,"1102":0,"1104":0,"1106":0,"1107":0,"1108":0,"1109":0,"1113":0,"1117":0,"1119":0,"1126":0,"1127":0,"1129":0,"1130":0,"1133":0,"1135":0,"1140":0,"1141":0,"1142":0,"1143":0,"1144":0,"1148":0,"1151":0,"1153":0,"1156":0,"1159":0,"1162":0,"1165":0,"1172":0,"1173":0,"1176":0,"1179":0,"1185":0,"1186":0,"1187":0,"1188":0,"1191":0,"1192":0,"1194":0,"1195":0,"1196":0,"1197":0,"1198":0,"1199":0,"1200":0,"1202":0,"1204":0,"1205":0,"1207":0,"1208":0,"1210":0,"1211":0,"1215":0,"1217":0,"1218":0,"1225":0,"1226":0,"1233":0,"1234":0,"1240":0,"1242":0,"1245":0,"1248":0,"1249":0,"1251":0,"1252":0,"1253":0,"1254":0,"1255":0,"1259":0,"1261":0,"1264":0,"1286":0,"1290":0,"1294":0,"1299":0,"1300":0,"1301":0,"1303":0,"1304":0,"1307":0,"1311":0,"1314":0,"1317":0,"1320":0,"1323":0,"1329":0,"1332":0,"1333":0,"1336":0,"1344":0,"1351":0,"1359":0,"1365":0,"1373":0,"1382":0,"1383":0,"1388":0,"1392":0,"1393":0,"1396":0,"1404":0,"1405":0,"1411":0,"1414":0,"1422":0,"1428":0,"1431":0,"1438":0,"1439":0,"1445":0,"1447":0,"1451":0,"1457":0,"1460":0,"1466":0,"1469":0,"1472":0,"1475":0,"1478":0,"1482":0,"1493":0,"1497":0,"1506":0,"1513":0,"1517":0,"1518":0,"1521":0,"1524":0,"1527":0,"1537":0,"1546":0,"1552":0,"1554":0,"1555":0,"1557":0,"1558":0,"1562":0,"1564":0,"1565":0,"1568":0,"1569":0,"1572":0,"1575":0,"1581":0,"1584":0,"1587":0,"1623":0,"1624":0,"1627":0,"1630":1,"1631":0,"1635":0,"1636":0,"1637":0,"1639":0,"1640":0,"1641":0,"1645":0,"1646":0,"1651":0,"1652":0,"1655":0,"1659":0,"1660":0,"1661":0,"1667":0,"1673":0,"1679":0,"1680":0,"1687":0,"1688":0,"1689":0,"1691":0,"1692":0,"1693":0,"1694":0,"1695":0,"1696":0,"1697":0,"1698":0,"1699":0,"1700":0,"1703":0,"1704":0,"1705":0,"1706":0,"1707":0,"1708":0,"1710":0,"1713":0,"1716":0,"1717":0,"1718":0,"1719":0,"1720":0,"1721":0,"1723":0,"1726":0,"1729":0,"1734":0,"1735":0,"1736":0,"1737":0,"1741":0,"1744":1,"1745":0,"1746":0,"1749":0,"1750":0,"1753":0,"1754":0,"1757":0,"1758":0,"1760":0,"1761":0,"1764":0,"1767":1,"1768":0,"1769":0,"1770":0,"1772":0,"1773":0,"1775":0,"1778":0,"1779":0,"1782":0,"1783":0,"1784":0,"1787":0,"1788":0,"1791":0,"1792":0,"1793":0,"1796":0,"1801":0,"1809":0,"1812":1,"1813":0,"1814":0,"1816":0,"1817":0,"1818":0,"1819":0,"1826":0,"1829":1,"1830":0,"1832":0,"1834":0,"1836":0,"1837":0,"1838":0,"1839":0,"1840":0,"1841":0,"1846":0,"1847":0,"1850":0,"1851":0,"1853":0,"1854":0,"1857":0,"1859":0,"1861":0,"1864":0,"1867":1,"1868":0,"1869":0,"1871":0,"1872":0,"1874":0,"1875":0,"1877":0,"1878":0,"1881":0,"1882":0,"1883":0,"1885":0,"1888":0,"1897":0,"1900":1,"1901":0,"1902":0,"1903":0,"1905":0,"1907":0,"1909":0,"1912":0,"1913":0,"1915":0,"1918":0,"1920":0,"1922":0,"1929":0,"1930":0,"1934":0,"1936":0,"1940":0,"1943":0,"1946":1,"1947":0,"1949":0,"1950":0,"1958":0,"1961":0,"1964":1,"1965":0,"1966":0,"1968":0,"1974":1,"1975":0,"1976":0,"1977":0,"1978":0,"1979":0,"1983":1,"1984":0,"1987":1,"1988":0,"1989":0,"1993":1,"1994":0,"1995":0,"1997":0,"1998":0,"1999":0,"2001":0,"2004":0,"2008":1,"2009":0,"2010":0,"2011":0,"2012":0}}}